[0.949s] Invoking command in '/home/verabel/dqn_navigation_ws/src/dqn_robot_nav': DEBUGINFOD_URLS=https://debuginfod.ubuntu.com PYTHONPATH=/home/verabel/dqn_navigation_ws/build/dqn_robot_nav/prefix_override:/usr/lib/python3/dist-packages/colcon_core/task/python/colcon_distutils_commands:/home/verabel/dqn_navigation_ws/install/dqn_robot_nav/lib/python3.12/site-packages:${PYTHONPATH} /usr/bin/python3 -W ignore:setup.py install is deprecated -W ignore:easy_install command is deprecated setup.py egg_info --egg-base ../../build/dqn_robot_nav build --build-base /home/verabel/dqn_navigation_ws/build/dqn_robot_nav/build install --record /home/verabel/dqn_navigation_ws/build/dqn_robot_nav/install.log --single-version-externally-managed install_data
[1.267s] running egg_info
[1.294s] writing ../../build/dqn_robot_nav/dqn_robot_nav.egg-info/PKG-INFO
[1.294s] writing dependency_links to ../../build/dqn_robot_nav/dqn_robot_nav.egg-info/dependency_links.txt
[1.294s] writing entry points to ../../build/dqn_robot_nav/dqn_robot_nav.egg-info/entry_points.txt
[1.294s] writing requirements to ../../build/dqn_robot_nav/dqn_robot_nav.egg-info/requires.txt
[1.294s] writing top-level names to ../../build/dqn_robot_nav/dqn_robot_nav.egg-info/top_level.txt
[1.347s] reading manifest file '../../build/dqn_robot_nav/dqn_robot_nav.egg-info/SOURCES.txt'
[1.348s] writing manifest file '../../build/dqn_robot_nav/dqn_robot_nav.egg-info/SOURCES.txt'
[1.348s] running build
[1.348s] running build_py
[1.349s] copying dqn_robot_nav/train_node.py -> /home/verabel/dqn_navigation_ws/build/dqn_robot_nav/build/lib/dqn_robot_nav
[1.349s] copying dqn_robot_nav/environment.py -> /home/verabel/dqn_navigation_ws/build/dqn_robot_nav/build/lib/dqn_robot_nav
[1.349s] copying dqn_robot_nav/state_processor.py -> /home/verabel/dqn_navigation_ws/build/dqn_robot_nav/build/lib/dqn_robot_nav
[1.349s] copying dqn_robot_nav/dqn_agent.py -> /home/verabel/dqn_navigation_ws/build/dqn_robot_nav/build/lib/dqn_robot_nav
[1.349s] running install
[1.356s] running install_lib
[1.382s] copying /home/verabel/dqn_navigation_ws/build/dqn_robot_nav/build/lib/dqn_robot_nav/train_node.py -> /home/verabel/dqn_navigation_ws/install/dqn_robot_nav/lib/python3.12/site-packages/dqn_robot_nav
[1.382s] copying /home/verabel/dqn_navigation_ws/build/dqn_robot_nav/build/lib/dqn_robot_nav/environment.py -> /home/verabel/dqn_navigation_ws/install/dqn_robot_nav/lib/python3.12/site-packages/dqn_robot_nav
[1.382s] copying /home/verabel/dqn_navigation_ws/build/dqn_robot_nav/build/lib/dqn_robot_nav/state_processor.py -> /home/verabel/dqn_navigation_ws/install/dqn_robot_nav/lib/python3.12/site-packages/dqn_robot_nav
[1.383s] copying /home/verabel/dqn_navigation_ws/build/dqn_robot_nav/build/lib/dqn_robot_nav/dqn_agent.py -> /home/verabel/dqn_navigation_ws/install/dqn_robot_nav/lib/python3.12/site-packages/dqn_robot_nav
[1.383s] byte-compiling /home/verabel/dqn_navigation_ws/install/dqn_robot_nav/lib/python3.12/site-packages/dqn_robot_nav/train_node.py to train_node.cpython-312.pyc
[1.386s] byte-compiling /home/verabel/dqn_navigation_ws/install/dqn_robot_nav/lib/python3.12/site-packages/dqn_robot_nav/environment.py to environment.cpython-312.pyc
[1.387s] byte-compiling /home/verabel/dqn_navigation_ws/install/dqn_robot_nav/lib/python3.12/site-packages/dqn_robot_nav/state_processor.py to state_processor.cpython-312.pyc
[1.388s] byte-compiling /home/verabel/dqn_navigation_ws/install/dqn_robot_nav/lib/python3.12/site-packages/dqn_robot_nav/dqn_agent.py to dqn_agent.cpython-312.pyc
[1.390s] running install_data
[1.390s] running install_egg_info
[1.417s] removing '/home/verabel/dqn_navigation_ws/install/dqn_robot_nav/lib/python3.12/site-packages/dqn_robot_nav-0.0.0-py3.12.egg-info' (and everything under it)
[1.418s] Copying ../../build/dqn_robot_nav/dqn_robot_nav.egg-info to /home/verabel/dqn_navigation_ws/install/dqn_robot_nav/lib/python3.12/site-packages/dqn_robot_nav-0.0.0-py3.12.egg-info
[1.418s] running install_scripts
[1.581s] Installing test_node script to /home/verabel/dqn_navigation_ws/install/dqn_robot_nav/lib/dqn_robot_nav
[1.581s] Installing train_node script to /home/verabel/dqn_navigation_ws/install/dqn_robot_nav/lib/dqn_robot_nav
[1.581s] writing list of installed files to '/home/verabel/dqn_navigation_ws/build/dqn_robot_nav/install.log'
[1.602s] Invoked command in '/home/verabel/dqn_navigation_ws/src/dqn_robot_nav' returned '0': DEBUGINFOD_URLS=https://debuginfod.ubuntu.com PYTHONPATH=/home/verabel/dqn_navigation_ws/build/dqn_robot_nav/prefix_override:/usr/lib/python3/dist-packages/colcon_core/task/python/colcon_distutils_commands:/home/verabel/dqn_navigation_ws/install/dqn_robot_nav/lib/python3.12/site-packages:${PYTHONPATH} /usr/bin/python3 -W ignore:setup.py install is deprecated -W ignore:easy_install command is deprecated setup.py egg_info --egg-base ../../build/dqn_robot_nav build --build-base /home/verabel/dqn_navigation_ws/build/dqn_robot_nav/build install --record /home/verabel/dqn_navigation_ws/build/dqn_robot_nav/install.log --single-version-externally-managed install_data
