[0.206s] DEBUG:colcon:Command line arguments: ['/usr/bin/colcon', 'build']
[0.206s] DEBUG:colcon:Parsed command line arguments: Namespace(log_base=None, log_level=None, verb_name='build', build_base='build', install_base='install', merge_install=False, symlink_install=False, test_result_base=None, continue_on_error=False, executor='parallel', parallel_workers=12, event_handlers=None, ignore_user_meta=False, metas=['./colcon.meta'], base_paths=['.'], packages_ignore=None, packages_ignore_regex=None, paths=None, packages_up_to=None, packages_up_to_regex=None, packages_above=None, packages_above_and_dependencies=None, packages_above_depth=None, packages_select_by_dep=None, packages_skip_by_dep=None, packages_skip_up_to=None, packages_select_build_failed=False, packages_skip_build_finished=False, packages_select_test_failures=False, packages_skip_test_passed=False, packages_select=None, packages_skip=None, packages_select_regex=None, packages_skip_regex=None, packages_start=None, packages_end=None, allow_overriding=[], cmake_args=None, cmake_target=None, cmake_target_skip_unavailable=False, cmake_clean_cache=False, cmake_clean_first=False, cmake_force_configure=False, ament_cmake_args=None, catkin_cmake_args=None, catkin_skip_building_tests=False, mixin_files=None, mixin=None, verb_parser=<colcon_mixin.mixin.mixin_argument.MixinArgumentDecorator object at 0x78328fba8080>, verb_extension=<colcon_core.verb.build.BuildVerb object at 0x783290a29c40>, main=<bound method BuildVerb.main of <colcon_core.verb.build.BuildVerb object at 0x783290a29c40>>, mixin_verb=('build',))
[0.278s] Level 1:colcon.colcon_core.package_discovery:discover_packages(colcon_meta) check parameters
[0.278s] Level 1:colcon.colcon_core.package_discovery:discover_packages(recursive) check parameters
[0.278s] Level 1:colcon.colcon_core.package_discovery:discover_packages(ignore) check parameters
[0.278s] Level 1:colcon.colcon_core.package_discovery:discover_packages(path) check parameters
[0.278s] Level 1:colcon.colcon_core.package_discovery:discover_packages(colcon_meta) discover
[0.278s] Level 1:colcon.colcon_core.package_discovery:discover_packages(recursive) discover
[0.278s] INFO:colcon.colcon_core.package_discovery:Crawling recursively for packages in '/home/verabel/dqn_navigation_ws'
[0.279s] Level 1:colcon.colcon_core.package_identification:_identify(.) by extensions ['ignore', 'ignore_ament_install']
[0.279s] Level 1:colcon.colcon_core.package_identification:_identify(.) by extension 'ignore'
[0.279s] Level 1:colcon.colcon_core.package_identification:_identify(.) by extension 'ignore_ament_install'
[0.279s] Level 1:colcon.colcon_core.package_identification:_identify(.) by extensions ['colcon_pkg']
[0.279s] Level 1:colcon.colcon_core.package_identification:_identify(.) by extension 'colcon_pkg'
[0.279s] Level 1:colcon.colcon_core.package_identification:_identify(.) by extensions ['colcon_meta']
[0.279s] Level 1:colcon.colcon_core.package_identification:_identify(.) by extension 'colcon_meta'
[0.279s] Level 1:colcon.colcon_core.package_identification:_identify(.) by extensions ['ros']
[0.279s] Level 1:colcon.colcon_core.package_identification:_identify(.) by extension 'ros'
[0.323s] Level 1:colcon.colcon_core.package_identification:_identify(.) by extensions ['cmake', 'python']
[0.323s] Level 1:colcon.colcon_core.package_identification:_identify(.) by extension 'cmake'
[0.323s] Level 1:colcon.colcon_core.package_identification:_identify(.) by extension 'python'
[0.323s] Level 1:colcon.colcon_core.package_identification:_identify(.) by extensions ['python_setup_py']
[0.323s] Level 1:colcon.colcon_core.package_identification:_identify(.) by extension 'python_setup_py'
[0.323s] Level 1:colcon.colcon_core.package_identification:_identify(build) by extensions ['ignore', 'ignore_ament_install']
[0.323s] Level 1:colcon.colcon_core.package_identification:_identify(build) by extension 'ignore'
[0.324s] Level 1:colcon.colcon_core.package_identification:_identify(build) ignored
[0.324s] Level 1:colcon.colcon_core.package_identification:_identify(install) by extensions ['ignore', 'ignore_ament_install']
[0.324s] Level 1:colcon.colcon_core.package_identification:_identify(install) by extension 'ignore'
[0.324s] Level 1:colcon.colcon_core.package_identification:_identify(install) ignored
[0.324s] Level 1:colcon.colcon_core.package_identification:_identify(log) by extensions ['ignore', 'ignore_ament_install']
[0.324s] Level 1:colcon.colcon_core.package_identification:_identify(log) by extension 'ignore'
[0.324s] Level 1:colcon.colcon_core.package_identification:_identify(log) ignored
[0.324s] Level 1:colcon.colcon_core.package_identification:_identify(results_20260202_175457) by extensions ['ignore', 'ignore_ament_install']
[0.325s] Level 1:colcon.colcon_core.package_identification:_identify(results_20260202_175457) by extension 'ignore'
[0.325s] Level 1:colcon.colcon_core.package_identification:_identify(results_20260202_175457) by extension 'ignore_ament_install'
[0.325s] Level 1:colcon.colcon_core.package_identification:_identify(results_20260202_175457) by extensions ['colcon_pkg']
[0.325s] Level 1:colcon.colcon_core.package_identification:_identify(results_20260202_175457) by extension 'colcon_pkg'
[0.325s] Level 1:colcon.colcon_core.package_identification:_identify(results_20260202_175457) by extensions ['colcon_meta']
[0.325s] Level 1:colcon.colcon_core.package_identification:_identify(results_20260202_175457) by extension 'colcon_meta'
[0.325s] Level 1:colcon.colcon_core.package_identification:_identify(results_20260202_175457) by extensions ['ros']
[0.325s] Level 1:colcon.colcon_core.package_identification:_identify(results_20260202_175457) by extension 'ros'
[0.326s] Level 1:colcon.colcon_core.package_identification:_identify(results_20260202_175457) by extensions ['cmake', 'python']
[0.326s] Level 1:colcon.colcon_core.package_identification:_identify(results_20260202_175457) by extension 'cmake'
[0.326s] Level 1:colcon.colcon_core.package_identification:_identify(results_20260202_175457) by extension 'python'
[0.326s] Level 1:colcon.colcon_core.package_identification:_identify(results_20260202_175457) by extensions ['python_setup_py']
[0.326s] Level 1:colcon.colcon_core.package_identification:_identify(results_20260202_175457) by extension 'python_setup_py'
[0.326s] Level 1:colcon.colcon_core.package_identification:_identify(results_20260202_182331) by extensions ['ignore', 'ignore_ament_install']
[0.326s] Level 1:colcon.colcon_core.package_identification:_identify(results_20260202_182331) by extension 'ignore'
[0.326s] Level 1:colcon.colcon_core.package_identification:_identify(results_20260202_182331) by extension 'ignore_ament_install'
[0.326s] Level 1:colcon.colcon_core.package_identification:_identify(results_20260202_182331) by extensions ['colcon_pkg']
[0.326s] Level 1:colcon.colcon_core.package_identification:_identify(results_20260202_182331) by extension 'colcon_pkg'
[0.326s] Level 1:colcon.colcon_core.package_identification:_identify(results_20260202_182331) by extensions ['colcon_meta']
[0.326s] Level 1:colcon.colcon_core.package_identification:_identify(results_20260202_182331) by extension 'colcon_meta'
[0.326s] Level 1:colcon.colcon_core.package_identification:_identify(results_20260202_182331) by extensions ['ros']
[0.327s] Level 1:colcon.colcon_core.package_identification:_identify(results_20260202_182331) by extension 'ros'
[0.327s] Level 1:colcon.colcon_core.package_identification:_identify(results_20260202_182331) by extensions ['cmake', 'python']
[0.327s] Level 1:colcon.colcon_core.package_identification:_identify(results_20260202_182331) by extension 'cmake'
[0.327s] Level 1:colcon.colcon_core.package_identification:_identify(results_20260202_182331) by extension 'python'
[0.327s] Level 1:colcon.colcon_core.package_identification:_identify(results_20260202_182331) by extensions ['python_setup_py']
[0.327s] Level 1:colcon.colcon_core.package_identification:_identify(results_20260202_182331) by extension 'python_setup_py'
[0.327s] Level 1:colcon.colcon_core.package_identification:_identify(results_20260202_182711) by extensions ['ignore', 'ignore_ament_install']
[0.327s] Level 1:colcon.colcon_core.package_identification:_identify(results_20260202_182711) by extension 'ignore'
[0.327s] Level 1:colcon.colcon_core.package_identification:_identify(results_20260202_182711) by extension 'ignore_ament_install'
[0.327s] Level 1:colcon.colcon_core.package_identification:_identify(results_20260202_182711) by extensions ['colcon_pkg']
[0.327s] Level 1:colcon.colcon_core.package_identification:_identify(results_20260202_182711) by extension 'colcon_pkg'
[0.327s] Level 1:colcon.colcon_core.package_identification:_identify(results_20260202_182711) by extensions ['colcon_meta']
[0.327s] Level 1:colcon.colcon_core.package_identification:_identify(results_20260202_182711) by extension 'colcon_meta'
[0.328s] Level 1:colcon.colcon_core.package_identification:_identify(results_20260202_182711) by extensions ['ros']
[0.328s] Level 1:colcon.colcon_core.package_identification:_identify(results_20260202_182711) by extension 'ros'
[0.328s] Level 1:colcon.colcon_core.package_identification:_identify(results_20260202_182711) by extensions ['cmake', 'python']
[0.328s] Level 1:colcon.colcon_core.package_identification:_identify(results_20260202_182711) by extension 'cmake'
[0.328s] Level 1:colcon.colcon_core.package_identification:_identify(results_20260202_182711) by extension 'python'
[0.328s] Level 1:colcon.colcon_core.package_identification:_identify(results_20260202_182711) by extensions ['python_setup_py']
[0.328s] Level 1:colcon.colcon_core.package_identification:_identify(results_20260202_182711) by extension 'python_setup_py'
[0.328s] Level 1:colcon.colcon_core.package_identification:_identify(results_20260202_192717) by extensions ['ignore', 'ignore_ament_install']
[0.328s] Level 1:colcon.colcon_core.package_identification:_identify(results_20260202_192717) by extension 'ignore'
[0.328s] Level 1:colcon.colcon_core.package_identification:_identify(results_20260202_192717) by extension 'ignore_ament_install'
[0.328s] Level 1:colcon.colcon_core.package_identification:_identify(results_20260202_192717) by extensions ['colcon_pkg']
[0.328s] Level 1:colcon.colcon_core.package_identification:_identify(results_20260202_192717) by extension 'colcon_pkg'
[0.328s] Level 1:colcon.colcon_core.package_identification:_identify(results_20260202_192717) by extensions ['colcon_meta']
[0.328s] Level 1:colcon.colcon_core.package_identification:_identify(results_20260202_192717) by extension 'colcon_meta'
[0.328s] Level 1:colcon.colcon_core.package_identification:_identify(results_20260202_192717) by extensions ['ros']
[0.328s] Level 1:colcon.colcon_core.package_identification:_identify(results_20260202_192717) by extension 'ros'
[0.329s] Level 1:colcon.colcon_core.package_identification:_identify(results_20260202_192717) by extensions ['cmake', 'python']
[0.329s] Level 1:colcon.colcon_core.package_identification:_identify(results_20260202_192717) by extension 'cmake'
[0.329s] Level 1:colcon.colcon_core.package_identification:_identify(results_20260202_192717) by extension 'python'
[0.329s] Level 1:colcon.colcon_core.package_identification:_identify(results_20260202_192717) by extensions ['python_setup_py']
[0.329s] Level 1:colcon.colcon_core.package_identification:_identify(results_20260202_192717) by extension 'python_setup_py'
[0.329s] Level 1:colcon.colcon_core.package_identification:_identify(results_20260202_193304) by extensions ['ignore', 'ignore_ament_install']
[0.329s] Level 1:colcon.colcon_core.package_identification:_identify(results_20260202_193304) by extension 'ignore'
[0.329s] Level 1:colcon.colcon_core.package_identification:_identify(results_20260202_193304) by extension 'ignore_ament_install'
[0.329s] Level 1:colcon.colcon_core.package_identification:_identify(results_20260202_193304) by extensions ['colcon_pkg']
[0.329s] Level 1:colcon.colcon_core.package_identification:_identify(results_20260202_193304) by extension 'colcon_pkg'
[0.329s] Level 1:colcon.colcon_core.package_identification:_identify(results_20260202_193304) by extensions ['colcon_meta']
[0.329s] Level 1:colcon.colcon_core.package_identification:_identify(results_20260202_193304) by extension 'colcon_meta'
[0.329s] Level 1:colcon.colcon_core.package_identification:_identify(results_20260202_193304) by extensions ['ros']
[0.329s] Level 1:colcon.colcon_core.package_identification:_identify(results_20260202_193304) by extension 'ros'
[0.330s] Level 1:colcon.colcon_core.package_identification:_identify(results_20260202_193304) by extensions ['cmake', 'python']
[0.330s] Level 1:colcon.colcon_core.package_identification:_identify(results_20260202_193304) by extension 'cmake'
[0.330s] Level 1:colcon.colcon_core.package_identification:_identify(results_20260202_193304) by extension 'python'
[0.330s] Level 1:colcon.colcon_core.package_identification:_identify(results_20260202_193304) by extensions ['python_setup_py']
[0.330s] Level 1:colcon.colcon_core.package_identification:_identify(results_20260202_193304) by extension 'python_setup_py'
[0.330s] Level 1:colcon.colcon_core.package_identification:_identify(results_20260202_193724) by extensions ['ignore', 'ignore_ament_install']
[0.330s] Level 1:colcon.colcon_core.package_identification:_identify(results_20260202_193724) by extension 'ignore'
[0.330s] Level 1:colcon.colcon_core.package_identification:_identify(results_20260202_193724) by extension 'ignore_ament_install'
[0.330s] Level 1:colcon.colcon_core.package_identification:_identify(results_20260202_193724) by extensions ['colcon_pkg']
[0.330s] Level 1:colcon.colcon_core.package_identification:_identify(results_20260202_193724) by extension 'colcon_pkg'
[0.330s] Level 1:colcon.colcon_core.package_identification:_identify(results_20260202_193724) by extensions ['colcon_meta']
[0.330s] Level 1:colcon.colcon_core.package_identification:_identify(results_20260202_193724) by extension 'colcon_meta'
[0.330s] Level 1:colcon.colcon_core.package_identification:_identify(results_20260202_193724) by extensions ['ros']
[0.330s] Level 1:colcon.colcon_core.package_identification:_identify(results_20260202_193724) by extension 'ros'
[0.331s] Level 1:colcon.colcon_core.package_identification:_identify(results_20260202_193724) by extensions ['cmake', 'python']
[0.331s] Level 1:colcon.colcon_core.package_identification:_identify(results_20260202_193724) by extension 'cmake'
[0.331s] Level 1:colcon.colcon_core.package_identification:_identify(results_20260202_193724) by extension 'python'
[0.331s] Level 1:colcon.colcon_core.package_identification:_identify(results_20260202_193724) by extensions ['python_setup_py']
[0.331s] Level 1:colcon.colcon_core.package_identification:_identify(results_20260202_193724) by extension 'python_setup_py'
[0.331s] Level 1:colcon.colcon_core.package_identification:_identify(results_20260202_194525) by extensions ['ignore', 'ignore_ament_install']
[0.331s] Level 1:colcon.colcon_core.package_identification:_identify(results_20260202_194525) by extension 'ignore'
[0.331s] Level 1:colcon.colcon_core.package_identification:_identify(results_20260202_194525) by extension 'ignore_ament_install'
[0.331s] Level 1:colcon.colcon_core.package_identification:_identify(results_20260202_194525) by extensions ['colcon_pkg']
[0.331s] Level 1:colcon.colcon_core.package_identification:_identify(results_20260202_194525) by extension 'colcon_pkg'
[0.331s] Level 1:colcon.colcon_core.package_identification:_identify(results_20260202_194525) by extensions ['colcon_meta']
[0.331s] Level 1:colcon.colcon_core.package_identification:_identify(results_20260202_194525) by extension 'colcon_meta'
[0.331s] Level 1:colcon.colcon_core.package_identification:_identify(results_20260202_194525) by extensions ['ros']
[0.331s] Level 1:colcon.colcon_core.package_identification:_identify(results_20260202_194525) by extension 'ros'
[0.332s] Level 1:colcon.colcon_core.package_identification:_identify(results_20260202_194525) by extensions ['cmake', 'python']
[0.332s] Level 1:colcon.colcon_core.package_identification:_identify(results_20260202_194525) by extension 'cmake'
[0.332s] Level 1:colcon.colcon_core.package_identification:_identify(results_20260202_194525) by extension 'python'
[0.332s] Level 1:colcon.colcon_core.package_identification:_identify(results_20260202_194525) by extensions ['python_setup_py']
[0.332s] Level 1:colcon.colcon_core.package_identification:_identify(results_20260202_194525) by extension 'python_setup_py'
[0.332s] Level 1:colcon.colcon_core.package_identification:_identify(results_20260202_195428) by extensions ['ignore', 'ignore_ament_install']
[0.332s] Level 1:colcon.colcon_core.package_identification:_identify(results_20260202_195428) by extension 'ignore'
[0.332s] Level 1:colcon.colcon_core.package_identification:_identify(results_20260202_195428) by extension 'ignore_ament_install'
[0.332s] Level 1:colcon.colcon_core.package_identification:_identify(results_20260202_195428) by extensions ['colcon_pkg']
[0.332s] Level 1:colcon.colcon_core.package_identification:_identify(results_20260202_195428) by extension 'colcon_pkg'
[0.332s] Level 1:colcon.colcon_core.package_identification:_identify(results_20260202_195428) by extensions ['colcon_meta']
[0.332s] Level 1:colcon.colcon_core.package_identification:_identify(results_20260202_195428) by extension 'colcon_meta'
[0.332s] Level 1:colcon.colcon_core.package_identification:_identify(results_20260202_195428) by extensions ['ros']
[0.332s] Level 1:colcon.colcon_core.package_identification:_identify(results_20260202_195428) by extension 'ros'
[0.332s] Level 1:colcon.colcon_core.package_identification:_identify(results_20260202_195428) by extensions ['cmake', 'python']
[0.332s] Level 1:colcon.colcon_core.package_identification:_identify(results_20260202_195428) by extension 'cmake'
[0.333s] Level 1:colcon.colcon_core.package_identification:_identify(results_20260202_195428) by extension 'python'
[0.333s] Level 1:colcon.colcon_core.package_identification:_identify(results_20260202_195428) by extensions ['python_setup_py']
[0.333s] Level 1:colcon.colcon_core.package_identification:_identify(results_20260202_195428) by extension 'python_setup_py'
[0.333s] Level 1:colcon.colcon_core.package_identification:_identify(results_20260202_195439) by extensions ['ignore', 'ignore_ament_install']
[0.333s] Level 1:colcon.colcon_core.package_identification:_identify(results_20260202_195439) by extension 'ignore'
[0.333s] Level 1:colcon.colcon_core.package_identification:_identify(results_20260202_195439) by extension 'ignore_ament_install'
[0.333s] Level 1:colcon.colcon_core.package_identification:_identify(results_20260202_195439) by extensions ['colcon_pkg']
[0.333s] Level 1:colcon.colcon_core.package_identification:_identify(results_20260202_195439) by extension 'colcon_pkg'
[0.333s] Level 1:colcon.colcon_core.package_identification:_identify(results_20260202_195439) by extensions ['colcon_meta']
[0.333s] Level 1:colcon.colcon_core.package_identification:_identify(results_20260202_195439) by extension 'colcon_meta'
[0.333s] Level 1:colcon.colcon_core.package_identification:_identify(results_20260202_195439) by extensions ['ros']
[0.333s] Level 1:colcon.colcon_core.package_identification:_identify(results_20260202_195439) by extension 'ros'
[0.333s] Level 1:colcon.colcon_core.package_identification:_identify(results_20260202_195439) by extensions ['cmake', 'python']
[0.333s] Level 1:colcon.colcon_core.package_identification:_identify(results_20260202_195439) by extension 'cmake'
[0.333s] Level 1:colcon.colcon_core.package_identification:_identify(results_20260202_195439) by extension 'python'
[0.333s] Level 1:colcon.colcon_core.package_identification:_identify(results_20260202_195439) by extensions ['python_setup_py']
[0.334s] Level 1:colcon.colcon_core.package_identification:_identify(results_20260202_195439) by extension 'python_setup_py'
[0.334s] Level 1:colcon.colcon_core.package_identification:_identify(results_20260202_203530) by extensions ['ignore', 'ignore_ament_install']
[0.334s] Level 1:colcon.colcon_core.package_identification:_identify(results_20260202_203530) by extension 'ignore'
[0.334s] Level 1:colcon.colcon_core.package_identification:_identify(results_20260202_203530) by extension 'ignore_ament_install'
[0.334s] Level 1:colcon.colcon_core.package_identification:_identify(results_20260202_203530) by extensions ['colcon_pkg']
[0.334s] Level 1:colcon.colcon_core.package_identification:_identify(results_20260202_203530) by extension 'colcon_pkg'
[0.334s] Level 1:colcon.colcon_core.package_identification:_identify(results_20260202_203530) by extensions ['colcon_meta']
[0.334s] Level 1:colcon.colcon_core.package_identification:_identify(results_20260202_203530) by extension 'colcon_meta'
[0.335s] Level 1:colcon.colcon_core.package_identification:_identify(results_20260202_203530) by extensions ['ros']
[0.335s] Level 1:colcon.colcon_core.package_identification:_identify(results_20260202_203530) by extension 'ros'
[0.335s] Level 1:colcon.colcon_core.package_identification:_identify(results_20260202_203530) by extensions ['cmake', 'python']
[0.335s] Level 1:colcon.colcon_core.package_identification:_identify(results_20260202_203530) by extension 'cmake'
[0.335s] Level 1:colcon.colcon_core.package_identification:_identify(results_20260202_203530) by extension 'python'
[0.335s] Level 1:colcon.colcon_core.package_identification:_identify(results_20260202_203530) by extensions ['python_setup_py']
[0.335s] Level 1:colcon.colcon_core.package_identification:_identify(results_20260202_203530) by extension 'python_setup_py'
[0.335s] Level 1:colcon.colcon_core.package_identification:_identify(results_20260202_210114) by extensions ['ignore', 'ignore_ament_install']
[0.335s] Level 1:colcon.colcon_core.package_identification:_identify(results_20260202_210114) by extension 'ignore'
[0.335s] Level 1:colcon.colcon_core.package_identification:_identify(results_20260202_210114) by extension 'ignore_ament_install'
[0.335s] Level 1:colcon.colcon_core.package_identification:_identify(results_20260202_210114) by extensions ['colcon_pkg']
[0.335s] Level 1:colcon.colcon_core.package_identification:_identify(results_20260202_210114) by extension 'colcon_pkg'
[0.335s] Level 1:colcon.colcon_core.package_identification:_identify(results_20260202_210114) by extensions ['colcon_meta']
[0.335s] Level 1:colcon.colcon_core.package_identification:_identify(results_20260202_210114) by extension 'colcon_meta'
[0.336s] Level 1:colcon.colcon_core.package_identification:_identify(results_20260202_210114) by extensions ['ros']
[0.336s] Level 1:colcon.colcon_core.package_identification:_identify(results_20260202_210114) by extension 'ros'
[0.336s] Level 1:colcon.colcon_core.package_identification:_identify(results_20260202_210114) by extensions ['cmake', 'python']
[0.336s] Level 1:colcon.colcon_core.package_identification:_identify(results_20260202_210114) by extension 'cmake'
[0.336s] Level 1:colcon.colcon_core.package_identification:_identify(results_20260202_210114) by extension 'python'
[0.336s] Level 1:colcon.colcon_core.package_identification:_identify(results_20260202_210114) by extensions ['python_setup_py']
[0.336s] Level 1:colcon.colcon_core.package_identification:_identify(results_20260202_210114) by extension 'python_setup_py'
[0.336s] Level 1:colcon.colcon_core.package_identification:_identify(results_20260202_210232) by extensions ['ignore', 'ignore_ament_install']
[0.336s] Level 1:colcon.colcon_core.package_identification:_identify(results_20260202_210232) by extension 'ignore'
[0.336s] Level 1:colcon.colcon_core.package_identification:_identify(results_20260202_210232) by extension 'ignore_ament_install'
[0.336s] Level 1:colcon.colcon_core.package_identification:_identify(results_20260202_210232) by extensions ['colcon_pkg']
[0.336s] Level 1:colcon.colcon_core.package_identification:_identify(results_20260202_210232) by extension 'colcon_pkg'
[0.336s] Level 1:colcon.colcon_core.package_identification:_identify(results_20260202_210232) by extensions ['colcon_meta']
[0.337s] Level 1:colcon.colcon_core.package_identification:_identify(results_20260202_210232) by extension 'colcon_meta'
[0.337s] Level 1:colcon.colcon_core.package_identification:_identify(results_20260202_210232) by extensions ['ros']
[0.337s] Level 1:colcon.colcon_core.package_identification:_identify(results_20260202_210232) by extension 'ros'
[0.337s] Level 1:colcon.colcon_core.package_identification:_identify(results_20260202_210232) by extensions ['cmake', 'python']
[0.337s] Level 1:colcon.colcon_core.package_identification:_identify(results_20260202_210232) by extension 'cmake'
[0.337s] Level 1:colcon.colcon_core.package_identification:_identify(results_20260202_210232) by extension 'python'
[0.337s] Level 1:colcon.colcon_core.package_identification:_identify(results_20260202_210232) by extensions ['python_setup_py']
[0.337s] Level 1:colcon.colcon_core.package_identification:_identify(results_20260202_210232) by extension 'python_setup_py'
[0.337s] Level 1:colcon.colcon_core.package_identification:_identify(results_20260202_210409) by extensions ['ignore', 'ignore_ament_install']
[0.337s] Level 1:colcon.colcon_core.package_identification:_identify(results_20260202_210409) by extension 'ignore'
[0.337s] Level 1:colcon.colcon_core.package_identification:_identify(results_20260202_210409) by extension 'ignore_ament_install'
[0.337s] Level 1:colcon.colcon_core.package_identification:_identify(results_20260202_210409) by extensions ['colcon_pkg']
[0.338s] Level 1:colcon.colcon_core.package_identification:_identify(results_20260202_210409) by extension 'colcon_pkg'
[0.338s] Level 1:colcon.colcon_core.package_identification:_identify(results_20260202_210409) by extensions ['colcon_meta']
[0.338s] Level 1:colcon.colcon_core.package_identification:_identify(results_20260202_210409) by extension 'colcon_meta'
[0.338s] Level 1:colcon.colcon_core.package_identification:_identify(results_20260202_210409) by extensions ['ros']
[0.338s] Level 1:colcon.colcon_core.package_identification:_identify(results_20260202_210409) by extension 'ros'
[0.338s] Level 1:colcon.colcon_core.package_identification:_identify(results_20260202_210409) by extensions ['cmake', 'python']
[0.338s] Level 1:colcon.colcon_core.package_identification:_identify(results_20260202_210409) by extension 'cmake'
[0.338s] Level 1:colcon.colcon_core.package_identification:_identify(results_20260202_210409) by extension 'python'
[0.338s] Level 1:colcon.colcon_core.package_identification:_identify(results_20260202_210409) by extensions ['python_setup_py']
[0.338s] Level 1:colcon.colcon_core.package_identification:_identify(results_20260202_210409) by extension 'python_setup_py'
[0.338s] Level 1:colcon.colcon_core.package_identification:_identify(results_20260202_210458) by extensions ['ignore', 'ignore_ament_install']
[0.338s] Level 1:colcon.colcon_core.package_identification:_identify(results_20260202_210458) by extension 'ignore'
[0.338s] Level 1:colcon.colcon_core.package_identification:_identify(results_20260202_210458) by extension 'ignore_ament_install'
[0.338s] Level 1:colcon.colcon_core.package_identification:_identify(results_20260202_210458) by extensions ['colcon_pkg']
[0.338s] Level 1:colcon.colcon_core.package_identification:_identify(results_20260202_210458) by extension 'colcon_pkg'
[0.339s] Level 1:colcon.colcon_core.package_identification:_identify(results_20260202_210458) by extensions ['colcon_meta']
[0.339s] Level 1:colcon.colcon_core.package_identification:_identify(results_20260202_210458) by extension 'colcon_meta'
[0.339s] Level 1:colcon.colcon_core.package_identification:_identify(results_20260202_210458) by extensions ['ros']
[0.339s] Level 1:colcon.colcon_core.package_identification:_identify(results_20260202_210458) by extension 'ros'
[0.339s] Level 1:colcon.colcon_core.package_identification:_identify(results_20260202_210458) by extensions ['cmake', 'python']
[0.339s] Level 1:colcon.colcon_core.package_identification:_identify(results_20260202_210458) by extension 'cmake'
[0.339s] Level 1:colcon.colcon_core.package_identification:_identify(results_20260202_210458) by extension 'python'
[0.339s] Level 1:colcon.colcon_core.package_identification:_identify(results_20260202_210458) by extensions ['python_setup_py']
[0.339s] Level 1:colcon.colcon_core.package_identification:_identify(results_20260202_210458) by extension 'python_setup_py'
[0.339s] Level 1:colcon.colcon_core.package_identification:_identify(results_20260202_211520) by extensions ['ignore', 'ignore_ament_install']
[0.339s] Level 1:colcon.colcon_core.package_identification:_identify(results_20260202_211520) by extension 'ignore'
[0.339s] Level 1:colcon.colcon_core.package_identification:_identify(results_20260202_211520) by extension 'ignore_ament_install'
[0.339s] Level 1:colcon.colcon_core.package_identification:_identify(results_20260202_211520) by extensions ['colcon_pkg']
[0.339s] Level 1:colcon.colcon_core.package_identification:_identify(results_20260202_211520) by extension 'colcon_pkg'
[0.340s] Level 1:colcon.colcon_core.package_identification:_identify(results_20260202_211520) by extensions ['colcon_meta']
[0.340s] Level 1:colcon.colcon_core.package_identification:_identify(results_20260202_211520) by extension 'colcon_meta'
[0.340s] Level 1:colcon.colcon_core.package_identification:_identify(results_20260202_211520) by extensions ['ros']
[0.340s] Level 1:colcon.colcon_core.package_identification:_identify(results_20260202_211520) by extension 'ros'
[0.340s] Level 1:colcon.colcon_core.package_identification:_identify(results_20260202_211520) by extensions ['cmake', 'python']
[0.340s] Level 1:colcon.colcon_core.package_identification:_identify(results_20260202_211520) by extension 'cmake'
[0.340s] Level 1:colcon.colcon_core.package_identification:_identify(results_20260202_211520) by extension 'python'
[0.340s] Level 1:colcon.colcon_core.package_identification:_identify(results_20260202_211520) by extensions ['python_setup_py']
[0.340s] Level 1:colcon.colcon_core.package_identification:_identify(results_20260202_211520) by extension 'python_setup_py'
[0.340s] Level 1:colcon.colcon_core.package_identification:_identify(results_20260202_211558) by extensions ['ignore', 'ignore_ament_install']
[0.340s] Level 1:colcon.colcon_core.package_identification:_identify(results_20260202_211558) by extension 'ignore'
[0.340s] Level 1:colcon.colcon_core.package_identification:_identify(results_20260202_211558) by extension 'ignore_ament_install'
[0.340s] Level 1:colcon.colcon_core.package_identification:_identify(results_20260202_211558) by extensions ['colcon_pkg']
[0.340s] Level 1:colcon.colcon_core.package_identification:_identify(results_20260202_211558) by extension 'colcon_pkg'
[0.340s] Level 1:colcon.colcon_core.package_identification:_identify(results_20260202_211558) by extensions ['colcon_meta']
[0.340s] Level 1:colcon.colcon_core.package_identification:_identify(results_20260202_211558) by extension 'colcon_meta'
[0.341s] Level 1:colcon.colcon_core.package_identification:_identify(results_20260202_211558) by extensions ['ros']
[0.341s] Level 1:colcon.colcon_core.package_identification:_identify(results_20260202_211558) by extension 'ros'
[0.341s] Level 1:colcon.colcon_core.package_identification:_identify(results_20260202_211558) by extensions ['cmake', 'python']
[0.341s] Level 1:colcon.colcon_core.package_identification:_identify(results_20260202_211558) by extension 'cmake'
[0.341s] Level 1:colcon.colcon_core.package_identification:_identify(results_20260202_211558) by extension 'python'
[0.341s] Level 1:colcon.colcon_core.package_identification:_identify(results_20260202_211558) by extensions ['python_setup_py']
[0.341s] Level 1:colcon.colcon_core.package_identification:_identify(results_20260202_211558) by extension 'python_setup_py'
[0.341s] Level 1:colcon.colcon_core.package_identification:_identify(results_20260202_220736) by extensions ['ignore', 'ignore_ament_install']
[0.341s] Level 1:colcon.colcon_core.package_identification:_identify(results_20260202_220736) by extension 'ignore'
[0.341s] Level 1:colcon.colcon_core.package_identification:_identify(results_20260202_220736) by extension 'ignore_ament_install'
[0.341s] Level 1:colcon.colcon_core.package_identification:_identify(results_20260202_220736) by extensions ['colcon_pkg']
[0.341s] Level 1:colcon.colcon_core.package_identification:_identify(results_20260202_220736) by extension 'colcon_pkg'
[0.341s] Level 1:colcon.colcon_core.package_identification:_identify(results_20260202_220736) by extensions ['colcon_meta']
[0.341s] Level 1:colcon.colcon_core.package_identification:_identify(results_20260202_220736) by extension 'colcon_meta'
[0.341s] Level 1:colcon.colcon_core.package_identification:_identify(results_20260202_220736) by extensions ['ros']
[0.342s] Level 1:colcon.colcon_core.package_identification:_identify(results_20260202_220736) by extension 'ros'
[0.342s] Level 1:colcon.colcon_core.package_identification:_identify(results_20260202_220736) by extensions ['cmake', 'python']
[0.342s] Level 1:colcon.colcon_core.package_identification:_identify(results_20260202_220736) by extension 'cmake'
[0.342s] Level 1:colcon.colcon_core.package_identification:_identify(results_20260202_220736) by extension 'python'
[0.342s] Level 1:colcon.colcon_core.package_identification:_identify(results_20260202_220736) by extensions ['python_setup_py']
[0.342s] Level 1:colcon.colcon_core.package_identification:_identify(results_20260202_220736) by extension 'python_setup_py'
[0.342s] Level 1:colcon.colcon_core.package_identification:_identify(results_20260202_221213) by extensions ['ignore', 'ignore_ament_install']
[0.342s] Level 1:colcon.colcon_core.package_identification:_identify(results_20260202_221213) by extension 'ignore'
[0.342s] Level 1:colcon.colcon_core.package_identification:_identify(results_20260202_221213) by extension 'ignore_ament_install'
[0.342s] Level 1:colcon.colcon_core.package_identification:_identify(results_20260202_221213) by extensions ['colcon_pkg']
[0.342s] Level 1:colcon.colcon_core.package_identification:_identify(results_20260202_221213) by extension 'colcon_pkg'
[0.342s] Level 1:colcon.colcon_core.package_identification:_identify(results_20260202_221213) by extensions ['colcon_meta']
[0.342s] Level 1:colcon.colcon_core.package_identification:_identify(results_20260202_221213) by extension 'colcon_meta'
[0.342s] Level 1:colcon.colcon_core.package_identification:_identify(results_20260202_221213) by extensions ['ros']
[0.342s] Level 1:colcon.colcon_core.package_identification:_identify(results_20260202_221213) by extension 'ros'
[0.343s] Level 1:colcon.colcon_core.package_identification:_identify(results_20260202_221213) by extensions ['cmake', 'python']
[0.343s] Level 1:colcon.colcon_core.package_identification:_identify(results_20260202_221213) by extension 'cmake'
[0.343s] Level 1:colcon.colcon_core.package_identification:_identify(results_20260202_221213) by extension 'python'
[0.343s] Level 1:colcon.colcon_core.package_identification:_identify(results_20260202_221213) by extensions ['python_setup_py']
[0.343s] Level 1:colcon.colcon_core.package_identification:_identify(results_20260202_221213) by extension 'python_setup_py'
[0.343s] Level 1:colcon.colcon_core.package_identification:_identify(src) by extensions ['ignore', 'ignore_ament_install']
[0.343s] Level 1:colcon.colcon_core.package_identification:_identify(src) by extension 'ignore'
[0.343s] Level 1:colcon.colcon_core.package_identification:_identify(src) by extension 'ignore_ament_install'
[0.343s] Level 1:colcon.colcon_core.package_identification:_identify(src) by extensions ['colcon_pkg']
[0.343s] Level 1:colcon.colcon_core.package_identification:_identify(src) by extension 'colcon_pkg'
[0.343s] Level 1:colcon.colcon_core.package_identification:_identify(src) by extensions ['colcon_meta']
[0.343s] Level 1:colcon.colcon_core.package_identification:_identify(src) by extension 'colcon_meta'
[0.344s] Level 1:colcon.colcon_core.package_identification:_identify(src) by extensions ['ros']
[0.344s] Level 1:colcon.colcon_core.package_identification:_identify(src) by extension 'ros'
[0.344s] Level 1:colcon.colcon_core.package_identification:_identify(src) by extensions ['cmake', 'python']
[0.344s] Level 1:colcon.colcon_core.package_identification:_identify(src) by extension 'cmake'
[0.344s] Level 1:colcon.colcon_core.package_identification:_identify(src) by extension 'python'
[0.344s] Level 1:colcon.colcon_core.package_identification:_identify(src) by extensions ['python_setup_py']
[0.344s] Level 1:colcon.colcon_core.package_identification:_identify(src) by extension 'python_setup_py'
[0.344s] Level 1:colcon.colcon_core.package_identification:_identify(src/dqn_robot_nav) by extensions ['ignore', 'ignore_ament_install']
[0.344s] Level 1:colcon.colcon_core.package_identification:_identify(src/dqn_robot_nav) by extension 'ignore'
[0.344s] Level 1:colcon.colcon_core.package_identification:_identify(src/dqn_robot_nav) by extension 'ignore_ament_install'
[0.344s] Level 1:colcon.colcon_core.package_identification:_identify(src/dqn_robot_nav) by extensions ['colcon_pkg']
[0.344s] Level 1:colcon.colcon_core.package_identification:_identify(src/dqn_robot_nav) by extension 'colcon_pkg'
[0.345s] Level 1:colcon.colcon_core.package_identification:_identify(src/dqn_robot_nav) by extensions ['colcon_meta']
[0.345s] Level 1:colcon.colcon_core.package_identification:_identify(src/dqn_robot_nav) by extension 'colcon_meta'
[0.345s] Level 1:colcon.colcon_core.package_identification:_identify(src/dqn_robot_nav) by extensions ['ros']
[0.345s] Level 1:colcon.colcon_core.package_identification:_identify(src/dqn_robot_nav) by extension 'ros'
[0.349s] DEBUG:colcon.colcon_core.package_identification:Package 'src/dqn_robot_nav' with type 'ros.ament_python' and name 'dqn_robot_nav'
[0.349s] Level 1:colcon.colcon_core.package_discovery:discover_packages(recursive) using defaults
[0.349s] Level 1:colcon.colcon_core.package_discovery:discover_packages(ignore) discover
[0.349s] Level 1:colcon.colcon_core.package_discovery:discover_packages(ignore) using defaults
[0.349s] Level 1:colcon.colcon_core.package_discovery:discover_packages(path) discover
[0.349s] Level 1:colcon.colcon_core.package_discovery:discover_packages(path) using defaults
[0.377s] Level 1:colcon.colcon_core.package_discovery:discover_packages(prefix_path) check parameters
[0.377s] Level 1:colcon.colcon_core.package_discovery:discover_packages(prefix_path) discover
[0.380s] DEBUG:colcon.colcon_installed_package_information.package_discovery:Found 1 installed packages in /home/verabel/dqn_navigation_ws/install
[0.384s] DEBUG:colcon.colcon_installed_package_information.package_discovery:Found 523 installed packages in /opt/ros/jazzy
[0.387s] Level 1:colcon.colcon_core.package_discovery:discover_packages(prefix_path) using defaults
[0.530s] Level 5:colcon.colcon_core.verb:set package 'dqn_robot_nav' build argument 'cmake_args' from command line to 'None'
[0.531s] Level 5:colcon.colcon_core.verb:set package 'dqn_robot_nav' build argument 'cmake_target' from command line to 'None'
[0.531s] Level 5:colcon.colcon_core.verb:set package 'dqn_robot_nav' build argument 'cmake_target_skip_unavailable' from command line to 'False'
[0.531s] Level 5:colcon.colcon_core.verb:set package 'dqn_robot_nav' build argument 'cmake_clean_cache' from command line to 'False'
[0.531s] Level 5:colcon.colcon_core.verb:set package 'dqn_robot_nav' build argument 'cmake_clean_first' from command line to 'False'
[0.531s] Level 5:colcon.colcon_core.verb:set package 'dqn_robot_nav' build argument 'cmake_force_configure' from command line to 'False'
[0.531s] Level 5:colcon.colcon_core.verb:set package 'dqn_robot_nav' build argument 'ament_cmake_args' from command line to 'None'
[0.531s] Level 5:colcon.colcon_core.verb:set package 'dqn_robot_nav' build argument 'catkin_cmake_args' from command line to 'None'
[0.531s] Level 5:colcon.colcon_core.verb:set package 'dqn_robot_nav' build argument 'catkin_skip_building_tests' from command line to 'False'
[0.531s] DEBUG:colcon.colcon_core.verb:Building package 'dqn_robot_nav' with the following arguments: {'ament_cmake_args': None, 'build_base': '/home/verabel/dqn_navigation_ws/build/dqn_robot_nav', 'catkin_cmake_args': None, 'catkin_skip_building_tests': False, 'cmake_args': None, 'cmake_clean_cache': False, 'cmake_clean_first': False, 'cmake_force_configure': False, 'cmake_target': None, 'cmake_target_skip_unavailable': False, 'install_base': '/home/verabel/dqn_navigation_ws/install/dqn_robot_nav', 'merge_install': False, 'path': '/home/verabel/dqn_navigation_ws/src/dqn_robot_nav', 'symlink_install': False, 'test_result_base': None}
[0.531s] INFO:colcon.colcon_core.executor:Executing jobs using 'parallel' executor
[0.533s] DEBUG:colcon.colcon_parallel_executor.executor.parallel:run_until_complete
[0.533s] INFO:colcon.colcon_ros.task.ament_python.build:Building ROS package in '/home/verabel/dqn_navigation_ws/src/dqn_robot_nav' with build type 'ament_python'
[0.534s] Level 1:colcon.colcon_core.shell:create_environment_hook('dqn_robot_nav', 'ament_prefix_path')
[0.537s] INFO:colcon.colcon_core.plugin_system:Skipping extension 'colcon_core.shell.bat': Not used on non-Windows systems
[0.538s] INFO:colcon.colcon_core.shell:Creating environment hook '/home/verabel/dqn_navigation_ws/install/dqn_robot_nav/share/dqn_robot_nav/hook/ament_prefix_path.ps1'
[0.539s] INFO:colcon.colcon_core.shell:Creating environment descriptor '/home/verabel/dqn_navigation_ws/install/dqn_robot_nav/share/dqn_robot_nav/hook/ament_prefix_path.dsv'
[0.540s] INFO:colcon.colcon_core.shell:Creating environment hook '/home/verabel/dqn_navigation_ws/install/dqn_robot_nav/share/dqn_robot_nav/hook/ament_prefix_path.sh'
[0.542s] INFO:colcon.colcon_core.shell:Skip shell extension 'powershell' for command environment: Not usable outside of PowerShell
[0.542s] DEBUG:colcon.colcon_core.shell:Skip shell extension 'dsv' for command environment
[1.013s] INFO:colcon.colcon_core.task.python.build:Building Python package in '/home/verabel/dqn_navigation_ws/src/dqn_robot_nav'
[1.014s] INFO:colcon.colcon_core.shell:Skip shell extension 'powershell' for command environment: Not usable outside of PowerShell
[1.014s] DEBUG:colcon.colcon_core.shell:Skip shell extension 'dsv' for command environment
[2.194s] DEBUG:colcon.colcon_core.event_handler.log_command:Invoking command in '/home/verabel/dqn_navigation_ws/src/dqn_robot_nav': DEBUGINFOD_URLS=https://debuginfod.ubuntu.com PYTHONPATH=/home/verabel/dqn_navigation_ws/build/dqn_robot_nav/prefix_override:/usr/lib/python3/dist-packages/colcon_core/task/python/colcon_distutils_commands:/home/verabel/dqn_navigation_ws/install/dqn_robot_nav/lib/python3.12/site-packages:${PYTHONPATH} /usr/bin/python3 -W ignore:setup.py install is deprecated -W ignore:easy_install command is deprecated setup.py egg_info --egg-base ../../build/dqn_robot_nav build --build-base /home/verabel/dqn_navigation_ws/build/dqn_robot_nav/build install --record /home/verabel/dqn_navigation_ws/build/dqn_robot_nav/install.log --single-version-externally-managed install_data
[3.312s] DEBUG:colcon.colcon_core.event_handler.log_command:Invoked command in '/home/verabel/dqn_navigation_ws/src/dqn_robot_nav' returned '0': DEBUGINFOD_URLS=https://debuginfod.ubuntu.com PYTHONPATH=/home/verabel/dqn_navigation_ws/build/dqn_robot_nav/prefix_override:/usr/lib/python3/dist-packages/colcon_core/task/python/colcon_distutils_commands:/home/verabel/dqn_navigation_ws/install/dqn_robot_nav/lib/python3.12/site-packages:${PYTHONPATH} /usr/bin/python3 -W ignore:setup.py install is deprecated -W ignore:easy_install command is deprecated setup.py egg_info --egg-base ../../build/dqn_robot_nav build --build-base /home/verabel/dqn_navigation_ws/build/dqn_robot_nav/build install --record /home/verabel/dqn_navigation_ws/build/dqn_robot_nav/install.log --single-version-externally-managed install_data
[3.315s] Level 1:colcon.colcon_core.environment:checking '/home/verabel/dqn_navigation_ws/install/dqn_robot_nav' for CMake module files
[3.316s] Level 1:colcon.colcon_core.environment:checking '/home/verabel/dqn_navigation_ws/install/dqn_robot_nav' for CMake config files
[3.317s] Level 1:colcon.colcon_core.environment:checking '/home/verabel/dqn_navigation_ws/install/dqn_robot_nav/lib'
[3.317s] Level 1:colcon.colcon_core.environment:checking '/home/verabel/dqn_navigation_ws/install/dqn_robot_nav/bin'
[3.318s] Level 1:colcon.colcon_core.environment:checking '/home/verabel/dqn_navigation_ws/install/dqn_robot_nav/lib/pkgconfig/dqn_robot_nav.pc'
[3.318s] Level 1:colcon.colcon_core.environment:checking '/home/verabel/dqn_navigation_ws/install/dqn_robot_nav/lib/python3.12/site-packages'
[3.318s] Level 1:colcon.colcon_core.shell:create_environment_hook('dqn_robot_nav', 'pythonpath')
[3.319s] INFO:colcon.colcon_core.shell:Creating environment hook '/home/verabel/dqn_navigation_ws/install/dqn_robot_nav/share/dqn_robot_nav/hook/pythonpath.ps1'
[3.320s] INFO:colcon.colcon_core.shell:Creating environment descriptor '/home/verabel/dqn_navigation_ws/install/dqn_robot_nav/share/dqn_robot_nav/hook/pythonpath.dsv'
[3.320s] INFO:colcon.colcon_core.shell:Creating environment hook '/home/verabel/dqn_navigation_ws/install/dqn_robot_nav/share/dqn_robot_nav/hook/pythonpath.sh'
[3.322s] Level 1:colcon.colcon_core.environment:checking '/home/verabel/dqn_navigation_ws/install/dqn_robot_nav/bin'
[3.322s] Level 1:colcon.colcon_core.environment:create_environment_scripts_only(dqn_robot_nav)
[3.322s] INFO:colcon.colcon_core.shell:Creating package script '/home/verabel/dqn_navigation_ws/install/dqn_robot_nav/share/dqn_robot_nav/package.ps1'
[3.324s] INFO:colcon.colcon_core.shell:Creating package descriptor '/home/verabel/dqn_navigation_ws/install/dqn_robot_nav/share/dqn_robot_nav/package.dsv'
[3.325s] INFO:colcon.colcon_core.shell:Creating package script '/home/verabel/dqn_navigation_ws/install/dqn_robot_nav/share/dqn_robot_nav/package.sh'
[3.326s] INFO:colcon.colcon_core.shell:Creating package script '/home/verabel/dqn_navigation_ws/install/dqn_robot_nav/share/dqn_robot_nav/package.bash'
[3.328s] INFO:colcon.colcon_core.shell:Creating package script '/home/verabel/dqn_navigation_ws/install/dqn_robot_nav/share/dqn_robot_nav/package.zsh'
[3.329s] Level 1:colcon.colcon_core.environment:create_file_with_runtime_dependencies(/home/verabel/dqn_navigation_ws/install/dqn_robot_nav/share/colcon-core/packages/dqn_robot_nav)
[3.329s] DEBUG:colcon.colcon_parallel_executor.executor.parallel:closing loop
[3.330s] DEBUG:colcon.colcon_parallel_executor.executor.parallel:loop closed
[3.330s] DEBUG:colcon.colcon_parallel_executor.executor.parallel:run_until_complete finished with '0'
[3.330s] DEBUG:colcon.colcon_core.event_reactor:joining thread
[3.341s] INFO:colcon.colcon_core.plugin_system:Skipping extension 'colcon_notification.desktop_notification.terminal_notifier': Not used on non-Darwin systems
[3.342s] INFO:colcon.colcon_core.plugin_system:Skipping extension 'colcon_notification.desktop_notification.win32': Not used on non-Windows systems
[3.342s] INFO:colcon.colcon_notification.desktop_notification:Sending desktop notification using 'notify2'
[3.371s] DEBUG:colcon.colcon_core.event_reactor:joined thread
[3.371s] INFO:colcon.colcon_core.shell:Creating prefix script '/home/verabel/dqn_navigation_ws/install/local_setup.ps1'
[3.373s] INFO:colcon.colcon_core.shell:Creating prefix util module '/home/verabel/dqn_navigation_ws/install/_local_setup_util_ps1.py'
[3.376s] INFO:colcon.colcon_core.shell:Creating prefix chain script '/home/verabel/dqn_navigation_ws/install/setup.ps1'
[3.377s] INFO:colcon.colcon_core.shell:Creating prefix script '/home/verabel/dqn_navigation_ws/install/local_setup.sh'
[3.379s] INFO:colcon.colcon_core.shell:Creating prefix util module '/home/verabel/dqn_navigation_ws/install/_local_setup_util_sh.py'
[3.380s] INFO:colcon.colcon_core.shell:Creating prefix chain script '/home/verabel/dqn_navigation_ws/install/setup.sh'
[3.382s] INFO:colcon.colcon_core.shell:Creating prefix script '/home/verabel/dqn_navigation_ws/install/local_setup.bash'
[3.383s] INFO:colcon.colcon_core.shell:Creating prefix chain script '/home/verabel/dqn_navigation_ws/install/setup.bash'
[3.385s] INFO:colcon.colcon_core.shell:Creating prefix script '/home/verabel/dqn_navigation_ws/install/local_setup.zsh'
[3.386s] INFO:colcon.colcon_core.shell:Creating prefix chain script '/home/verabel/dqn_navigation_ws/install/setup.zsh'
