[2.458s] Invoking command in '/home/verabel/dqn_navigation_ws/src/dqn_robot_nav': DEBUGINFOD_URLS=https://debuginfod.ubuntu.com PYTHONPATH=/home/verabel/dqn_navigation_ws/build/dqn_robot_nav/prefix_override:/usr/lib/python3/dist-packages/colcon_core/task/python/colcon_distutils_commands:/home/verabel/dqn_navigation_ws/install/dqn_robot_nav/lib/python3.12/site-packages:${PYTHONPATH} /usr/bin/python3 -W ignore:setup.py install is deprecated -W ignore:easy_install command is deprecated setup.py egg_info --egg-base ../../build/dqn_robot_nav build --build-base /home/verabel/dqn_navigation_ws/build/dqn_robot_nav/build install --record /home/verabel/dqn_navigation_ws/build/dqn_robot_nav/install.log --single-version-externally-managed install_data
[3.243s] running egg_info
[3.310s] writing ../../build/dqn_robot_nav/dqn_robot_nav.egg-info/PKG-INFO
[3.310s] writing dependency_links to ../../build/dqn_robot_nav/dqn_robot_nav.egg-info/dependency_links.txt
[3.311s] writing entry points to ../../build/dqn_robot_nav/dqn_robot_nav.egg-info/entry_points.txt
[3.311s] writing requirements to ../../build/dqn_robot_nav/dqn_robot_nav.egg-info/requires.txt
[3.311s] writing top-level names to ../../build/dqn_robot_nav/dqn_robot_nav.egg-info/top_level.txt
[3.442s] reading manifest file '../../build/dqn_robot_nav/dqn_robot_nav.egg-info/SOURCES.txt'
[3.444s] writing manifest file '../../build/dqn_robot_nav/dqn_robot_nav.egg-info/SOURCES.txt'
[3.444s] running build
[3.444s] running build_py
[3.445s] copying dqn_robot_nav/environment.py -> /home/verabel/dqn_navigation_ws/build/dqn_robot_nav/build/lib/dqn_robot_nav
[3.446s] running install
[3.461s] running install_lib
[3.528s] copying /home/verabel/dqn_navigation_ws/build/dqn_robot_nav/build/lib/dqn_robot_nav/environment.py -> /home/verabel/dqn_navigation_ws/install/dqn_robot_nav/lib/python3.12/site-packages/dqn_robot_nav
[3.530s] byte-compiling /home/verabel/dqn_navigation_ws/install/dqn_robot_nav/lib/python3.12/site-packages/dqn_robot_nav/environment.py to environment.cpython-312.pyc
[3.536s] running install_data
[3.536s] running install_egg_info
[3.605s] removing '/home/verabel/dqn_navigation_ws/install/dqn_robot_nav/lib/python3.12/site-packages/dqn_robot_nav-0.0.0-py3.12.egg-info' (and everything under it)
[3.606s] Copying ../../build/dqn_robot_nav/dqn_robot_nav.egg-info to /home/verabel/dqn_navigation_ws/install/dqn_robot_nav/lib/python3.12/site-packages/dqn_robot_nav-0.0.0-py3.12.egg-info
[3.607s] running install_scripts
[3.995s] Installing test_node script to /home/verabel/dqn_navigation_ws/install/dqn_robot_nav/lib/dqn_robot_nav
[3.995s] Installing train_node script to /home/verabel/dqn_navigation_ws/install/dqn_robot_nav/lib/dqn_robot_nav
[3.996s] writing list of installed files to '/home/verabel/dqn_navigation_ws/build/dqn_robot_nav/install.log'
[4.104s] Invoked command in '/home/verabel/dqn_navigation_ws/src/dqn_robot_nav' returned '0': DEBUGINFOD_URLS=https://debuginfod.ubuntu.com PYTHONPATH=/home/verabel/dqn_navigation_ws/build/dqn_robot_nav/prefix_override:/usr/lib/python3/dist-packages/colcon_core/task/python/colcon_distutils_commands:/home/verabel/dqn_navigation_ws/install/dqn_robot_nav/lib/python3.12/site-packages:${PYTHONPATH} /usr/bin/python3 -W ignore:setup.py install is deprecated -W ignore:easy_install command is deprecated setup.py egg_info --egg-base ../../build/dqn_robot_nav build --build-base /home/verabel/dqn_navigation_ws/build/dqn_robot_nav/build install --record /home/verabel/dqn_navigation_ws/build/dqn_robot_nav/install.log --single-version-externally-managed install_data
