running egg_info
creating ../../build/dqn_robot_nav/dqn_robot_nav.egg-info
writing ../../build/dqn_robot_nav/dqn_robot_nav.egg-info/PKG-INFO
writing dependency_links to ../../build/dqn_robot_nav/dqn_robot_nav.egg-info/dependency_links.txt
writing requirements to ../../build/dqn_robot_nav/dqn_robot_nav.egg-info/requires.txt
writing top-level names to ../../build/dqn_robot_nav/dqn_robot_nav.egg-info/top_level.txt
writing manifest file '../../build/dqn_robot_nav/dqn_robot_nav.egg-info/SOURCES.txt'
reading manifest file '../../build/dqn_robot_nav/dqn_robot_nav.egg-info/SOURCES.txt'
writing manifest file '../../build/dqn_robot_nav/dqn_robot_nav.egg-info/SOURCES.txt'
running build
running build_py
creating /home/verabel/dqn_navigation_ws/build/dqn_robot_nav/build
creating /home/verabel/dqn_navigation_ws/build/dqn_robot_nav/build/lib
creating /home/verabel/dqn_navigation_ws/build/dqn_robot_nav/build/lib/dqn_robot_nav
copying dqn_robot_nav/__init__.py -> /home/verabel/dqn_navigation_ws/build/dqn_robot_nav/build/lib/dqn_robot_nav
running install
running install_lib
creating /home/verabel/dqn_navigation_ws/install/dqn_robot_nav/lib/python3.12/site-packages/dqn_robot_nav
copying /home/verabel/dqn_navigation_ws/build/dqn_robot_nav/build/lib/dqn_robot_nav/__init__.py -> /home/verabel/dqn_navigation_ws/install/dqn_robot_nav/lib/python3.12/site-packages/dqn_robot_nav
byte-compiling /home/verabel/dqn_navigation_ws/install/dqn_robot_nav/lib/python3.12/site-packages/dqn_robot_nav/__init__.py to __init__.cpython-312.pyc
running install_data
creating /home/verabel/dqn_navigation_ws/install/dqn_robot_nav/share/ament_index
creating /home/verabel/dqn_navigation_ws/install/dqn_robot_nav/share/ament_index/resource_index
creating /home/verabel/dqn_navigation_ws/install/dqn_robot_nav/share/ament_index/resource_index/packages
copying resource/dqn_robot_nav -> /home/verabel/dqn_navigation_ws/install/dqn_robot_nav/share/ament_index/resource_index/packages
copying package.xml -> /home/verabel/dqn_navigation_ws/install/dqn_robot_nav/share/dqn_robot_nav
running install_egg_info
Copying ../../build/dqn_robot_nav/dqn_robot_nav.egg-info to /home/verabel/dqn_navigation_ws/install/dqn_robot_nav/lib/python3.12/site-packages/dqn_robot_nav-0.0.0-py3.12.egg-info
running install_scripts
writing list of installed files to '/home/verabel/dqn_navigation_ws/build/dqn_robot_nav/install.log'
