[0.270s] DEBUG:colcon:Command line arguments: ['/usr/bin/colcon', 'build']
[0.270s] DEBUG:colcon:Parsed command line arguments: Namespace(log_base=None, log_level=None, verb_name='build', build_base='build', install_base='install', merge_install=False, symlink_install=False, test_result_base=None, continue_on_error=False, executor='parallel', parallel_workers=12, event_handlers=None, ignore_user_meta=False, metas=['./colcon.meta'], base_paths=['.'], packages_ignore=None, packages_ignore_regex=None, paths=None, packages_up_to=None, packages_up_to_regex=None, packages_above=None, packages_above_and_dependencies=None, packages_above_depth=None, packages_select_by_dep=None, packages_skip_by_dep=None, packages_skip_up_to=None, packages_select_build_failed=False, packages_skip_build_finished=False, packages_select_test_failures=False, packages_skip_test_passed=False, packages_select=None, packages_skip=None, packages_select_regex=None, packages_skip_regex=None, packages_start=None, packages_end=None, allow_overriding=[], cmake_args=None, cmake_target=None, cmake_target_skip_unavailable=False, cmake_clean_cache=False, cmake_clean_first=False, cmake_force_configure=False, ament_cmake_args=None, catkin_cmake_args=None, catkin_skip_building_tests=False, mixin_files=None, mixin=None, verb_parser=<colcon_mixin.mixin.mixin_argument.MixinArgumentDecorator object at 0x7dd760fb8170>, verb_extension=<colcon_core.verb.build.BuildVerb object at 0x7dd7610dc950>, main=<bound method BuildVerb.main of <colcon_core.verb.build.BuildVerb object at 0x7dd7610dc950>>, mixin_verb=('build',))
[0.361s] Level 1:colcon.colcon_core.package_discovery:discover_packages(colcon_meta) check parameters
[0.362s] Level 1:colcon.colcon_core.package_discovery:discover_packages(recursive) check parameters
[0.362s] Level 1:colcon.colcon_core.package_discovery:discover_packages(ignore) check parameters
[0.362s] Level 1:colcon.colcon_core.package_discovery:discover_packages(path) check parameters
[0.362s] Level 1:colcon.colcon_core.package_discovery:discover_packages(colcon_meta) discover
[0.363s] Level 1:colcon.colcon_core.package_discovery:discover_packages(recursive) discover
[0.363s] INFO:colcon.colcon_core.package_discovery:Crawling recursively for packages in '/home/verabel/dqn_navigation_ws'
[0.363s] Level 1:colcon.colcon_core.package_identification:_identify(.) by extensions ['ignore', 'ignore_ament_install']
[0.363s] Level 1:colcon.colcon_core.package_identification:_identify(.) by extension 'ignore'
[0.364s] Level 1:colcon.colcon_core.package_identification:_identify(.) by extension 'ignore_ament_install'
[0.364s] Level 1:colcon.colcon_core.package_identification:_identify(.) by extensions ['colcon_pkg']
[0.364s] Level 1:colcon.colcon_core.package_identification:_identify(.) by extension 'colcon_pkg'
[0.364s] Level 1:colcon.colcon_core.package_identification:_identify(.) by extensions ['colcon_meta']
[0.364s] Level 1:colcon.colcon_core.package_identification:_identify(.) by extension 'colcon_meta'
[0.364s] Level 1:colcon.colcon_core.package_identification:_identify(.) by extensions ['ros']
[0.364s] Level 1:colcon.colcon_core.package_identification:_identify(.) by extension 'ros'
[0.421s] Level 1:colcon.colcon_core.package_identification:_identify(.) by extensions ['cmake', 'python']
[0.421s] Level 1:colcon.colcon_core.package_identification:_identify(.) by extension 'cmake'
[0.421s] Level 1:colcon.colcon_core.package_identification:_identify(.) by extension 'python'
[0.421s] Level 1:colcon.colcon_core.package_identification:_identify(.) by extensions ['python_setup_py']
[0.421s] Level 1:colcon.colcon_core.package_identification:_identify(.) by extension 'python_setup_py'
[0.422s] Level 1:colcon.colcon_core.package_identification:_identify(build) by extensions ['ignore', 'ignore_ament_install']
[0.422s] Level 1:colcon.colcon_core.package_identification:_identify(build) by extension 'ignore'
[0.422s] Level 1:colcon.colcon_core.package_identification:_identify(build) ignored
[0.423s] Level 1:colcon.colcon_core.package_identification:_identify(install) by extensions ['ignore', 'ignore_ament_install']
[0.423s] Level 1:colcon.colcon_core.package_identification:_identify(install) by extension 'ignore'
[0.423s] Level 1:colcon.colcon_core.package_identification:_identify(install) ignored
[0.424s] Level 1:colcon.colcon_core.package_identification:_identify(log) by extensions ['ignore', 'ignore_ament_install']
[0.424s] Level 1:colcon.colcon_core.package_identification:_identify(log) by extension 'ignore'
[0.424s] Level 1:colcon.colcon_core.package_identification:_identify(log) ignored
[0.424s] Level 1:colcon.colcon_core.package_identification:_identify(results_20260218_101013) by extensions ['ignore', 'ignore_ament_install']
[0.424s] Level 1:colcon.colcon_core.package_identification:_identify(results_20260218_101013) by extension 'ignore'
[0.425s] Level 1:colcon.colcon_core.package_identification:_identify(results_20260218_101013) by extension 'ignore_ament_install'
[0.425s] Level 1:colcon.colcon_core.package_identification:_identify(results_20260218_101013) by extensions ['colcon_pkg']
[0.425s] Level 1:colcon.colcon_core.package_identification:_identify(results_20260218_101013) by extension 'colcon_pkg'
[0.425s] Level 1:colcon.colcon_core.package_identification:_identify(results_20260218_101013) by extensions ['colcon_meta']
[0.425s] Level 1:colcon.colcon_core.package_identification:_identify(results_20260218_101013) by extension 'colcon_meta'
[0.425s] Level 1:colcon.colcon_core.package_identification:_identify(results_20260218_101013) by extensions ['ros']
[0.425s] Level 1:colcon.colcon_core.package_identification:_identify(results_20260218_101013) by extension 'ros'
[0.425s] Level 1:colcon.colcon_core.package_identification:_identify(results_20260218_101013) by extensions ['cmake', 'python']
[0.425s] Level 1:colcon.colcon_core.package_identification:_identify(results_20260218_101013) by extension 'cmake'
[0.425s] Level 1:colcon.colcon_core.package_identification:_identify(results_20260218_101013) by extension 'python'
[0.426s] Level 1:colcon.colcon_core.package_identification:_identify(results_20260218_101013) by extensions ['python_setup_py']
[0.426s] Level 1:colcon.colcon_core.package_identification:_identify(results_20260218_101013) by extension 'python_setup_py'
[0.426s] Level 1:colcon.colcon_core.package_identification:_identify(results_20260218_101115) by extensions ['ignore', 'ignore_ament_install']
[0.426s] Level 1:colcon.colcon_core.package_identification:_identify(results_20260218_101115) by extension 'ignore'
[0.426s] Level 1:colcon.colcon_core.package_identification:_identify(results_20260218_101115) by extension 'ignore_ament_install'
[0.426s] Level 1:colcon.colcon_core.package_identification:_identify(results_20260218_101115) by extensions ['colcon_pkg']
[0.426s] Level 1:colcon.colcon_core.package_identification:_identify(results_20260218_101115) by extension 'colcon_pkg'
[0.426s] Level 1:colcon.colcon_core.package_identification:_identify(results_20260218_101115) by extensions ['colcon_meta']
[0.426s] Level 1:colcon.colcon_core.package_identification:_identify(results_20260218_101115) by extension 'colcon_meta'
[0.426s] Level 1:colcon.colcon_core.package_identification:_identify(results_20260218_101115) by extensions ['ros']
[0.426s] Level 1:colcon.colcon_core.package_identification:_identify(results_20260218_101115) by extension 'ros'
[0.427s] Level 1:colcon.colcon_core.package_identification:_identify(results_20260218_101115) by extensions ['cmake', 'python']
[0.427s] Level 1:colcon.colcon_core.package_identification:_identify(results_20260218_101115) by extension 'cmake'
[0.427s] Level 1:colcon.colcon_core.package_identification:_identify(results_20260218_101115) by extension 'python'
[0.427s] Level 1:colcon.colcon_core.package_identification:_identify(results_20260218_101115) by extensions ['python_setup_py']
[0.427s] Level 1:colcon.colcon_core.package_identification:_identify(results_20260218_101115) by extension 'python_setup_py'
[0.427s] Level 1:colcon.colcon_core.package_identification:_identify(results_20260218_102721) by extensions ['ignore', 'ignore_ament_install']
[0.427s] Level 1:colcon.colcon_core.package_identification:_identify(results_20260218_102721) by extension 'ignore'
[0.427s] Level 1:colcon.colcon_core.package_identification:_identify(results_20260218_102721) by extension 'ignore_ament_install'
[0.427s] Level 1:colcon.colcon_core.package_identification:_identify(results_20260218_102721) by extensions ['colcon_pkg']
[0.427s] Level 1:colcon.colcon_core.package_identification:_identify(results_20260218_102721) by extension 'colcon_pkg'
[0.428s] Level 1:colcon.colcon_core.package_identification:_identify(results_20260218_102721) by extensions ['colcon_meta']
[0.428s] Level 1:colcon.colcon_core.package_identification:_identify(results_20260218_102721) by extension 'colcon_meta'
[0.428s] Level 1:colcon.colcon_core.package_identification:_identify(results_20260218_102721) by extensions ['ros']
[0.428s] Level 1:colcon.colcon_core.package_identification:_identify(results_20260218_102721) by extension 'ros'
[0.428s] Level 1:colcon.colcon_core.package_identification:_identify(results_20260218_102721) by extensions ['cmake', 'python']
[0.428s] Level 1:colcon.colcon_core.package_identification:_identify(results_20260218_102721) by extension 'cmake'
[0.428s] Level 1:colcon.colcon_core.package_identification:_identify(results_20260218_102721) by extension 'python'
[0.428s] Level 1:colcon.colcon_core.package_identification:_identify(results_20260218_102721) by extensions ['python_setup_py']
[0.428s] Level 1:colcon.colcon_core.package_identification:_identify(results_20260218_102721) by extension 'python_setup_py'
[0.428s] Level 1:colcon.colcon_core.package_identification:_identify(results_20260218_104752) by extensions ['ignore', 'ignore_ament_install']
[0.428s] Level 1:colcon.colcon_core.package_identification:_identify(results_20260218_104752) by extension 'ignore'
[0.428s] Level 1:colcon.colcon_core.package_identification:_identify(results_20260218_104752) by extension 'ignore_ament_install'
[0.428s] Level 1:colcon.colcon_core.package_identification:_identify(results_20260218_104752) by extensions ['colcon_pkg']
[0.428s] Level 1:colcon.colcon_core.package_identification:_identify(results_20260218_104752) by extension 'colcon_pkg'
[0.429s] Level 1:colcon.colcon_core.package_identification:_identify(results_20260218_104752) by extensions ['colcon_meta']
[0.429s] Level 1:colcon.colcon_core.package_identification:_identify(results_20260218_104752) by extension 'colcon_meta'
[0.429s] Level 1:colcon.colcon_core.package_identification:_identify(results_20260218_104752) by extensions ['ros']
[0.429s] Level 1:colcon.colcon_core.package_identification:_identify(results_20260218_104752) by extension 'ros'
[0.429s] Level 1:colcon.colcon_core.package_identification:_identify(results_20260218_104752) by extensions ['cmake', 'python']
[0.429s] Level 1:colcon.colcon_core.package_identification:_identify(results_20260218_104752) by extension 'cmake'
[0.429s] Level 1:colcon.colcon_core.package_identification:_identify(results_20260218_104752) by extension 'python'
[0.429s] Level 1:colcon.colcon_core.package_identification:_identify(results_20260218_104752) by extensions ['python_setup_py']
[0.429s] Level 1:colcon.colcon_core.package_identification:_identify(results_20260218_104752) by extension 'python_setup_py'
[0.429s] Level 1:colcon.colcon_core.package_identification:_identify(results_20260218_104812) by extensions ['ignore', 'ignore_ament_install']
[0.430s] Level 1:colcon.colcon_core.package_identification:_identify(results_20260218_104812) by extension 'ignore'
[0.430s] Level 1:colcon.colcon_core.package_identification:_identify(results_20260218_104812) by extension 'ignore_ament_install'
[0.430s] Level 1:colcon.colcon_core.package_identification:_identify(results_20260218_104812) by extensions ['colcon_pkg']
[0.430s] Level 1:colcon.colcon_core.package_identification:_identify(results_20260218_104812) by extension 'colcon_pkg'
[0.430s] Level 1:colcon.colcon_core.package_identification:_identify(results_20260218_104812) by extensions ['colcon_meta']
[0.430s] Level 1:colcon.colcon_core.package_identification:_identify(results_20260218_104812) by extension 'colcon_meta'
[0.430s] Level 1:colcon.colcon_core.package_identification:_identify(results_20260218_104812) by extensions ['ros']
[0.430s] Level 1:colcon.colcon_core.package_identification:_identify(results_20260218_104812) by extension 'ros'
[0.430s] Level 1:colcon.colcon_core.package_identification:_identify(results_20260218_104812) by extensions ['cmake', 'python']
[0.431s] Level 1:colcon.colcon_core.package_identification:_identify(results_20260218_104812) by extension 'cmake'
[0.431s] Level 1:colcon.colcon_core.package_identification:_identify(results_20260218_104812) by extension 'python'
[0.431s] Level 1:colcon.colcon_core.package_identification:_identify(results_20260218_104812) by extensions ['python_setup_py']
[0.431s] Level 1:colcon.colcon_core.package_identification:_identify(results_20260218_104812) by extension 'python_setup_py'
[0.431s] Level 1:colcon.colcon_core.package_identification:_identify(results_20260218_173117) by extensions ['ignore', 'ignore_ament_install']
[0.432s] Level 1:colcon.colcon_core.package_identification:_identify(results_20260218_173117) by extension 'ignore'
[0.432s] Level 1:colcon.colcon_core.package_identification:_identify(results_20260218_173117) by extension 'ignore_ament_install'
[0.432s] Level 1:colcon.colcon_core.package_identification:_identify(results_20260218_173117) by extensions ['colcon_pkg']
[0.432s] Level 1:colcon.colcon_core.package_identification:_identify(results_20260218_173117) by extension 'colcon_pkg'
[0.432s] Level 1:colcon.colcon_core.package_identification:_identify(results_20260218_173117) by extensions ['colcon_meta']
[0.432s] Level 1:colcon.colcon_core.package_identification:_identify(results_20260218_173117) by extension 'colcon_meta'
[0.433s] Level 1:colcon.colcon_core.package_identification:_identify(results_20260218_173117) by extensions ['ros']
[0.433s] Level 1:colcon.colcon_core.package_identification:_identify(results_20260218_173117) by extension 'ros'
[0.433s] Level 1:colcon.colcon_core.package_identification:_identify(results_20260218_173117) by extensions ['cmake', 'python']
[0.433s] Level 1:colcon.colcon_core.package_identification:_identify(results_20260218_173117) by extension 'cmake'
[0.433s] Level 1:colcon.colcon_core.package_identification:_identify(results_20260218_173117) by extension 'python'
[0.433s] Level 1:colcon.colcon_core.package_identification:_identify(results_20260218_173117) by extensions ['python_setup_py']
[0.433s] Level 1:colcon.colcon_core.package_identification:_identify(results_20260218_173117) by extension 'python_setup_py'
[0.433s] Level 1:colcon.colcon_core.package_identification:_identify(results_20260218_182153) by extensions ['ignore', 'ignore_ament_install']
[0.434s] Level 1:colcon.colcon_core.package_identification:_identify(results_20260218_182153) by extension 'ignore'
[0.434s] Level 1:colcon.colcon_core.package_identification:_identify(results_20260218_182153) by extension 'ignore_ament_install'
[0.434s] Level 1:colcon.colcon_core.package_identification:_identify(results_20260218_182153) by extensions ['colcon_pkg']
[0.434s] Level 1:colcon.colcon_core.package_identification:_identify(results_20260218_182153) by extension 'colcon_pkg'
[0.434s] Level 1:colcon.colcon_core.package_identification:_identify(results_20260218_182153) by extensions ['colcon_meta']
[0.434s] Level 1:colcon.colcon_core.package_identification:_identify(results_20260218_182153) by extension 'colcon_meta'
[0.434s] Level 1:colcon.colcon_core.package_identification:_identify(results_20260218_182153) by extensions ['ros']
[0.434s] Level 1:colcon.colcon_core.package_identification:_identify(results_20260218_182153) by extension 'ros'
[0.434s] Level 1:colcon.colcon_core.package_identification:_identify(results_20260218_182153) by extensions ['cmake', 'python']
[0.434s] Level 1:colcon.colcon_core.package_identification:_identify(results_20260218_182153) by extension 'cmake'
[0.435s] Level 1:colcon.colcon_core.package_identification:_identify(results_20260218_182153) by extension 'python'
[0.435s] Level 1:colcon.colcon_core.package_identification:_identify(results_20260218_182153) by extensions ['python_setup_py']
[0.435s] Level 1:colcon.colcon_core.package_identification:_identify(results_20260218_182153) by extension 'python_setup_py'
[0.435s] Level 1:colcon.colcon_core.package_identification:_identify(results_20260218_194102) by extensions ['ignore', 'ignore_ament_install']
[0.435s] Level 1:colcon.colcon_core.package_identification:_identify(results_20260218_194102) by extension 'ignore'
[0.435s] Level 1:colcon.colcon_core.package_identification:_identify(results_20260218_194102) by extension 'ignore_ament_install'
[0.436s] Level 1:colcon.colcon_core.package_identification:_identify(results_20260218_194102) by extensions ['colcon_pkg']
[0.436s] Level 1:colcon.colcon_core.package_identification:_identify(results_20260218_194102) by extension 'colcon_pkg'
[0.436s] Level 1:colcon.colcon_core.package_identification:_identify(results_20260218_194102) by extensions ['colcon_meta']
[0.436s] Level 1:colcon.colcon_core.package_identification:_identify(results_20260218_194102) by extension 'colcon_meta'
[0.436s] Level 1:colcon.colcon_core.package_identification:_identify(results_20260218_194102) by extensions ['ros']
[0.436s] Level 1:colcon.colcon_core.package_identification:_identify(results_20260218_194102) by extension 'ros'
[0.436s] Level 1:colcon.colcon_core.package_identification:_identify(results_20260218_194102) by extensions ['cmake', 'python']
[0.436s] Level 1:colcon.colcon_core.package_identification:_identify(results_20260218_194102) by extension 'cmake'
[0.436s] Level 1:colcon.colcon_core.package_identification:_identify(results_20260218_194102) by extension 'python'
[0.436s] Level 1:colcon.colcon_core.package_identification:_identify(results_20260218_194102) by extensions ['python_setup_py']
[0.437s] Level 1:colcon.colcon_core.package_identification:_identify(results_20260218_194102) by extension 'python_setup_py'
[0.437s] Level 1:colcon.colcon_core.package_identification:_identify(results_20260218_200654) by extensions ['ignore', 'ignore_ament_install']
[0.437s] Level 1:colcon.colcon_core.package_identification:_identify(results_20260218_200654) by extension 'ignore'
[0.437s] Level 1:colcon.colcon_core.package_identification:_identify(results_20260218_200654) by extension 'ignore_ament_install'
[0.437s] Level 1:colcon.colcon_core.package_identification:_identify(results_20260218_200654) by extensions ['colcon_pkg']
[0.437s] Level 1:colcon.colcon_core.package_identification:_identify(results_20260218_200654) by extension 'colcon_pkg'
[0.437s] Level 1:colcon.colcon_core.package_identification:_identify(results_20260218_200654) by extensions ['colcon_meta']
[0.437s] Level 1:colcon.colcon_core.package_identification:_identify(results_20260218_200654) by extension 'colcon_meta'
[0.437s] Level 1:colcon.colcon_core.package_identification:_identify(results_20260218_200654) by extensions ['ros']
[0.438s] Level 1:colcon.colcon_core.package_identification:_identify(results_20260218_200654) by extension 'ros'
[0.438s] Level 1:colcon.colcon_core.package_identification:_identify(results_20260218_200654) by extensions ['cmake', 'python']
[0.438s] Level 1:colcon.colcon_core.package_identification:_identify(results_20260218_200654) by extension 'cmake'
[0.438s] Level 1:colcon.colcon_core.package_identification:_identify(results_20260218_200654) by extension 'python'
[0.438s] Level 1:colcon.colcon_core.package_identification:_identify(results_20260218_200654) by extensions ['python_setup_py']
[0.438s] Level 1:colcon.colcon_core.package_identification:_identify(results_20260218_200654) by extension 'python_setup_py'
[0.438s] Level 1:colcon.colcon_core.package_identification:_identify(results_20260218_201625) by extensions ['ignore', 'ignore_ament_install']
[0.439s] Level 1:colcon.colcon_core.package_identification:_identify(results_20260218_201625) by extension 'ignore'
[0.439s] Level 1:colcon.colcon_core.package_identification:_identify(results_20260218_201625) by extension 'ignore_ament_install'
[0.439s] Level 1:colcon.colcon_core.package_identification:_identify(results_20260218_201625) by extensions ['colcon_pkg']
[0.439s] Level 1:colcon.colcon_core.package_identification:_identify(results_20260218_201625) by extension 'colcon_pkg'
[0.439s] Level 1:colcon.colcon_core.package_identification:_identify(results_20260218_201625) by extensions ['colcon_meta']
[0.439s] Level 1:colcon.colcon_core.package_identification:_identify(results_20260218_201625) by extension 'colcon_meta'
[0.439s] Level 1:colcon.colcon_core.package_identification:_identify(results_20260218_201625) by extensions ['ros']
[0.439s] Level 1:colcon.colcon_core.package_identification:_identify(results_20260218_201625) by extension 'ros'
[0.439s] Level 1:colcon.colcon_core.package_identification:_identify(results_20260218_201625) by extensions ['cmake', 'python']
[0.439s] Level 1:colcon.colcon_core.package_identification:_identify(results_20260218_201625) by extension 'cmake'
[0.439s] Level 1:colcon.colcon_core.package_identification:_identify(results_20260218_201625) by extension 'python'
[0.440s] Level 1:colcon.colcon_core.package_identification:_identify(results_20260218_201625) by extensions ['python_setup_py']
[0.440s] Level 1:colcon.colcon_core.package_identification:_identify(results_20260218_201625) by extension 'python_setup_py'
[0.440s] Level 1:colcon.colcon_core.package_identification:_identify(results_20260218_202025) by extensions ['ignore', 'ignore_ament_install']
[0.440s] Level 1:colcon.colcon_core.package_identification:_identify(results_20260218_202025) by extension 'ignore'
[0.440s] Level 1:colcon.colcon_core.package_identification:_identify(results_20260218_202025) by extension 'ignore_ament_install'
[0.440s] Level 1:colcon.colcon_core.package_identification:_identify(results_20260218_202025) by extensions ['colcon_pkg']
[0.440s] Level 1:colcon.colcon_core.package_identification:_identify(results_20260218_202025) by extension 'colcon_pkg'
[0.440s] Level 1:colcon.colcon_core.package_identification:_identify(results_20260218_202025) by extensions ['colcon_meta']
[0.440s] Level 1:colcon.colcon_core.package_identification:_identify(results_20260218_202025) by extension 'colcon_meta'
[0.440s] Level 1:colcon.colcon_core.package_identification:_identify(results_20260218_202025) by extensions ['ros']
[0.441s] Level 1:colcon.colcon_core.package_identification:_identify(results_20260218_202025) by extension 'ros'
[0.441s] Level 1:colcon.colcon_core.package_identification:_identify(results_20260218_202025) by extensions ['cmake', 'python']
[0.441s] Level 1:colcon.colcon_core.package_identification:_identify(results_20260218_202025) by extension 'cmake'
[0.441s] Level 1:colcon.colcon_core.package_identification:_identify(results_20260218_202025) by extension 'python'
[0.441s] Level 1:colcon.colcon_core.package_identification:_identify(results_20260218_202025) by extensions ['python_setup_py']
[0.441s] Level 1:colcon.colcon_core.package_identification:_identify(results_20260218_202025) by extension 'python_setup_py'
[0.441s] Level 1:colcon.colcon_core.package_identification:_identify(results_20260218_202102) by extensions ['ignore', 'ignore_ament_install']
[0.441s] Level 1:colcon.colcon_core.package_identification:_identify(results_20260218_202102) by extension 'ignore'
[0.442s] Level 1:colcon.colcon_core.package_identification:_identify(results_20260218_202102) by extension 'ignore_ament_install'
[0.442s] Level 1:colcon.colcon_core.package_identification:_identify(results_20260218_202102) by extensions ['colcon_pkg']
[0.442s] Level 1:colcon.colcon_core.package_identification:_identify(results_20260218_202102) by extension 'colcon_pkg'
[0.442s] Level 1:colcon.colcon_core.package_identification:_identify(results_20260218_202102) by extensions ['colcon_meta']
[0.442s] Level 1:colcon.colcon_core.package_identification:_identify(results_20260218_202102) by extension 'colcon_meta'
[0.442s] Level 1:colcon.colcon_core.package_identification:_identify(results_20260218_202102) by extensions ['ros']
[0.442s] Level 1:colcon.colcon_core.package_identification:_identify(results_20260218_202102) by extension 'ros'
[0.442s] Level 1:colcon.colcon_core.package_identification:_identify(results_20260218_202102) by extensions ['cmake', 'python']
[0.442s] Level 1:colcon.colcon_core.package_identification:_identify(results_20260218_202102) by extension 'cmake'
[0.442s] Level 1:colcon.colcon_core.package_identification:_identify(results_20260218_202102) by extension 'python'
[0.443s] Level 1:colcon.colcon_core.package_identification:_identify(results_20260218_202102) by extensions ['python_setup_py']
[0.443s] Level 1:colcon.colcon_core.package_identification:_identify(results_20260218_202102) by extension 'python_setup_py'
[0.443s] Level 1:colcon.colcon_core.package_identification:_identify(results_20260218_202729) by extensions ['ignore', 'ignore_ament_install']
[0.443s] Level 1:colcon.colcon_core.package_identification:_identify(results_20260218_202729) by extension 'ignore'
[0.443s] Level 1:colcon.colcon_core.package_identification:_identify(results_20260218_202729) by extension 'ignore_ament_install'
[0.443s] Level 1:colcon.colcon_core.package_identification:_identify(results_20260218_202729) by extensions ['colcon_pkg']
[0.443s] Level 1:colcon.colcon_core.package_identification:_identify(results_20260218_202729) by extension 'colcon_pkg'
[0.443s] Level 1:colcon.colcon_core.package_identification:_identify(results_20260218_202729) by extensions ['colcon_meta']
[0.443s] Level 1:colcon.colcon_core.package_identification:_identify(results_20260218_202729) by extension 'colcon_meta'
[0.443s] Level 1:colcon.colcon_core.package_identification:_identify(results_20260218_202729) by extensions ['ros']
[0.443s] Level 1:colcon.colcon_core.package_identification:_identify(results_20260218_202729) by extension 'ros'
[0.444s] Level 1:colcon.colcon_core.package_identification:_identify(results_20260218_202729) by extensions ['cmake', 'python']
[0.444s] Level 1:colcon.colcon_core.package_identification:_identify(results_20260218_202729) by extension 'cmake'
[0.444s] Level 1:colcon.colcon_core.package_identification:_identify(results_20260218_202729) by extension 'python'
[0.444s] Level 1:colcon.colcon_core.package_identification:_identify(results_20260218_202729) by extensions ['python_setup_py']
[0.444s] Level 1:colcon.colcon_core.package_identification:_identify(results_20260218_202729) by extension 'python_setup_py'
[0.444s] Level 1:colcon.colcon_core.package_identification:_identify(src) by extensions ['ignore', 'ignore_ament_install']
[0.444s] Level 1:colcon.colcon_core.package_identification:_identify(src) by extension 'ignore'
[0.444s] Level 1:colcon.colcon_core.package_identification:_identify(src) by extension 'ignore_ament_install'
[0.444s] Level 1:colcon.colcon_core.package_identification:_identify(src) by extensions ['colcon_pkg']
[0.444s] Level 1:colcon.colcon_core.package_identification:_identify(src) by extension 'colcon_pkg'
[0.444s] Level 1:colcon.colcon_core.package_identification:_identify(src) by extensions ['colcon_meta']
[0.444s] Level 1:colcon.colcon_core.package_identification:_identify(src) by extension 'colcon_meta'
[0.444s] Level 1:colcon.colcon_core.package_identification:_identify(src) by extensions ['ros']
[0.445s] Level 1:colcon.colcon_core.package_identification:_identify(src) by extension 'ros'
[0.445s] Level 1:colcon.colcon_core.package_identification:_identify(src) by extensions ['cmake', 'python']
[0.445s] Level 1:colcon.colcon_core.package_identification:_identify(src) by extension 'cmake'
[0.445s] Level 1:colcon.colcon_core.package_identification:_identify(src) by extension 'python'
[0.445s] Level 1:colcon.colcon_core.package_identification:_identify(src) by extensions ['python_setup_py']
[0.445s] Level 1:colcon.colcon_core.package_identification:_identify(src) by extension 'python_setup_py'
[0.445s] Level 1:colcon.colcon_core.package_identification:_identify(src/dqn_robot_nav) by extensions ['ignore', 'ignore_ament_install']
[0.445s] Level 1:colcon.colcon_core.package_identification:_identify(src/dqn_robot_nav) by extension 'ignore'
[0.445s] Level 1:colcon.colcon_core.package_identification:_identify(src/dqn_robot_nav) by extension 'ignore_ament_install'
[0.445s] Level 1:colcon.colcon_core.package_identification:_identify(src/dqn_robot_nav) by extensions ['colcon_pkg']
[0.446s] Level 1:colcon.colcon_core.package_identification:_identify(src/dqn_robot_nav) by extension 'colcon_pkg'
[0.446s] Level 1:colcon.colcon_core.package_identification:_identify(src/dqn_robot_nav) by extensions ['colcon_meta']
[0.446s] Level 1:colcon.colcon_core.package_identification:_identify(src/dqn_robot_nav) by extension 'colcon_meta'
[0.446s] Level 1:colcon.colcon_core.package_identification:_identify(src/dqn_robot_nav) by extensions ['ros']
[0.446s] Level 1:colcon.colcon_core.package_identification:_identify(src/dqn_robot_nav) by extension 'ros'
[0.452s] DEBUG:colcon.colcon_core.package_identification:Package 'src/dqn_robot_nav' with type 'ros.ament_python' and name 'dqn_robot_nav'
[0.452s] Level 1:colcon.colcon_core.package_discovery:discover_packages(recursive) using defaults
[0.452s] Level 1:colcon.colcon_core.package_discovery:discover_packages(ignore) discover
[0.452s] Level 1:colcon.colcon_core.package_discovery:discover_packages(ignore) using defaults
[0.452s] Level 1:colcon.colcon_core.package_discovery:discover_packages(path) discover
[0.452s] Level 1:colcon.colcon_core.package_discovery:discover_packages(path) using defaults
[0.492s] Level 1:colcon.colcon_core.package_discovery:discover_packages(prefix_path) check parameters
[0.493s] Level 1:colcon.colcon_core.package_discovery:discover_packages(prefix_path) discover
[0.496s] DEBUG:colcon.colcon_installed_package_information.package_discovery:Found 1 installed packages in /home/verabel/dqn_navigation_ws/install
[0.501s] DEBUG:colcon.colcon_installed_package_information.package_discovery:Found 523 installed packages in /opt/ros/jazzy
[0.507s] Level 1:colcon.colcon_core.package_discovery:discover_packages(prefix_path) using defaults
[0.660s] Level 5:colcon.colcon_core.verb:set package 'dqn_robot_nav' build argument 'cmake_args' from command line to 'None'
[0.660s] Level 5:colcon.colcon_core.verb:set package 'dqn_robot_nav' build argument 'cmake_target' from command line to 'None'
[0.660s] Level 5:colcon.colcon_core.verb:set package 'dqn_robot_nav' build argument 'cmake_target_skip_unavailable' from command line to 'False'
[0.660s] Level 5:colcon.colcon_core.verb:set package 'dqn_robot_nav' build argument 'cmake_clean_cache' from command line to 'False'
[0.661s] Level 5:colcon.colcon_core.verb:set package 'dqn_robot_nav' build argument 'cmake_clean_first' from command line to 'False'
[0.661s] Level 5:colcon.colcon_core.verb:set package 'dqn_robot_nav' build argument 'cmake_force_configure' from command line to 'False'
[0.661s] Level 5:colcon.colcon_core.verb:set package 'dqn_robot_nav' build argument 'ament_cmake_args' from command line to 'None'
[0.661s] Level 5:colcon.colcon_core.verb:set package 'dqn_robot_nav' build argument 'catkin_cmake_args' from command line to 'None'
[0.661s] Level 5:colcon.colcon_core.verb:set package 'dqn_robot_nav' build argument 'catkin_skip_building_tests' from command line to 'False'
[0.661s] DEBUG:colcon.colcon_core.verb:Building package 'dqn_robot_nav' with the following arguments: {'ament_cmake_args': None, 'build_base': '/home/verabel/dqn_navigation_ws/build/dqn_robot_nav', 'catkin_cmake_args': None, 'catkin_skip_building_tests': False, 'cmake_args': None, 'cmake_clean_cache': False, 'cmake_clean_first': False, 'cmake_force_configure': False, 'cmake_target': None, 'cmake_target_skip_unavailable': False, 'install_base': '/home/verabel/dqn_navigation_ws/install/dqn_robot_nav', 'merge_install': False, 'path': '/home/verabel/dqn_navigation_ws/src/dqn_robot_nav', 'symlink_install': False, 'test_result_base': None}
[0.661s] INFO:colcon.colcon_core.executor:Executing jobs using 'parallel' executor
[0.663s] DEBUG:colcon.colcon_parallel_executor.executor.parallel:run_until_complete
[0.663s] INFO:colcon.colcon_ros.task.ament_python.build:Building ROS package in '/home/verabel/dqn_navigation_ws/src/dqn_robot_nav' with build type 'ament_python'
[0.663s] Level 1:colcon.colcon_core.shell:create_environment_hook('dqn_robot_nav', 'ament_prefix_path')
[0.667s] INFO:colcon.colcon_core.plugin_system:Skipping extension 'colcon_core.shell.bat': Not used on non-Windows systems
[0.668s] INFO:colcon.colcon_core.shell:Creating environment hook '/home/verabel/dqn_navigation_ws/install/dqn_robot_nav/share/dqn_robot_nav/hook/ament_prefix_path.ps1'
[0.670s] INFO:colcon.colcon_core.shell:Creating environment descriptor '/home/verabel/dqn_navigation_ws/install/dqn_robot_nav/share/dqn_robot_nav/hook/ament_prefix_path.dsv'
[0.671s] INFO:colcon.colcon_core.shell:Creating environment hook '/home/verabel/dqn_navigation_ws/install/dqn_robot_nav/share/dqn_robot_nav/hook/ament_prefix_path.sh'
[0.672s] INFO:colcon.colcon_core.shell:Skip shell extension 'powershell' for command environment: Not usable outside of PowerShell
[0.672s] DEBUG:colcon.colcon_core.shell:Skip shell extension 'dsv' for command environment
[1.245s] INFO:colcon.colcon_core.task.python.build:Building Python package in '/home/verabel/dqn_navigation_ws/src/dqn_robot_nav'
[1.245s] INFO:colcon.colcon_core.shell:Skip shell extension 'powershell' for command environment: Not usable outside of PowerShell
[1.245s] DEBUG:colcon.colcon_core.shell:Skip shell extension 'dsv' for command environment
[2.701s] DEBUG:colcon.colcon_core.event_handler.log_command:Invoking command in '/home/verabel/dqn_navigation_ws/src/dqn_robot_nav': DEBUGINFOD_URLS=https://debuginfod.ubuntu.com PYTHONPATH=/home/verabel/dqn_navigation_ws/build/dqn_robot_nav/prefix_override:/usr/lib/python3/dist-packages/colcon_core/task/python/colcon_distutils_commands:/home/verabel/dqn_navigation_ws/install/dqn_robot_nav/lib/python3.12/site-packages:${PYTHONPATH} /usr/bin/python3 -W ignore:setup.py install is deprecated -W ignore:easy_install command is deprecated setup.py egg_info --egg-base ../../build/dqn_robot_nav build --build-base /home/verabel/dqn_navigation_ws/build/dqn_robot_nav/build install --record /home/verabel/dqn_navigation_ws/build/dqn_robot_nav/install.log --single-version-externally-managed install_data
[4.132s] DEBUG:colcon.colcon_core.event_handler.log_command:Invoked command in '/home/verabel/dqn_navigation_ws/src/dqn_robot_nav' returned '0': DEBUGINFOD_URLS=https://debuginfod.ubuntu.com PYTHONPATH=/home/verabel/dqn_navigation_ws/build/dqn_robot_nav/prefix_override:/usr/lib/python3/dist-packages/colcon_core/task/python/colcon_distutils_commands:/home/verabel/dqn_navigation_ws/install/dqn_robot_nav/lib/python3.12/site-packages:${PYTHONPATH} /usr/bin/python3 -W ignore:setup.py install is deprecated -W ignore:easy_install command is deprecated setup.py egg_info --egg-base ../../build/dqn_robot_nav build --build-base /home/verabel/dqn_navigation_ws/build/dqn_robot_nav/build install --record /home/verabel/dqn_navigation_ws/build/dqn_robot_nav/install.log --single-version-externally-managed install_data
[4.137s] Level 1:colcon.colcon_core.environment:checking '/home/verabel/dqn_navigation_ws/install/dqn_robot_nav' for CMake module files
[4.138s] Level 1:colcon.colcon_core.environment:checking '/home/verabel/dqn_navigation_ws/install/dqn_robot_nav' for CMake config files
[4.139s] Level 1:colcon.colcon_core.environment:checking '/home/verabel/dqn_navigation_ws/install/dqn_robot_nav/lib'
[4.140s] Level 1:colcon.colcon_core.environment:checking '/home/verabel/dqn_navigation_ws/install/dqn_robot_nav/bin'
[4.140s] Level 1:colcon.colcon_core.environment:checking '/home/verabel/dqn_navigation_ws/install/dqn_robot_nav/lib/pkgconfig/dqn_robot_nav.pc'
[4.140s] Level 1:colcon.colcon_core.environment:checking '/home/verabel/dqn_navigation_ws/install/dqn_robot_nav/lib/python3.12/site-packages'
[4.140s] Level 1:colcon.colcon_core.shell:create_environment_hook('dqn_robot_nav', 'pythonpath')
[4.141s] INFO:colcon.colcon_core.shell:Creating environment hook '/home/verabel/dqn_navigation_ws/install/dqn_robot_nav/share/dqn_robot_nav/hook/pythonpath.ps1'
[4.142s] INFO:colcon.colcon_core.shell:Creating environment descriptor '/home/verabel/dqn_navigation_ws/install/dqn_robot_nav/share/dqn_robot_nav/hook/pythonpath.dsv'
[4.142s] INFO:colcon.colcon_core.shell:Creating environment hook '/home/verabel/dqn_navigation_ws/install/dqn_robot_nav/share/dqn_robot_nav/hook/pythonpath.sh'
[4.144s] Level 1:colcon.colcon_core.environment:checking '/home/verabel/dqn_navigation_ws/install/dqn_robot_nav/bin'
[4.144s] Level 1:colcon.colcon_core.environment:create_environment_scripts_only(dqn_robot_nav)
[4.144s] INFO:colcon.colcon_core.shell:Creating package script '/home/verabel/dqn_navigation_ws/install/dqn_robot_nav/share/dqn_robot_nav/package.ps1'
[4.146s] INFO:colcon.colcon_core.shell:Creating package descriptor '/home/verabel/dqn_navigation_ws/install/dqn_robot_nav/share/dqn_robot_nav/package.dsv'
[4.148s] INFO:colcon.colcon_core.shell:Creating package script '/home/verabel/dqn_navigation_ws/install/dqn_robot_nav/share/dqn_robot_nav/package.sh'
[4.151s] INFO:colcon.colcon_core.shell:Creating package script '/home/verabel/dqn_navigation_ws/install/dqn_robot_nav/share/dqn_robot_nav/package.bash'
[4.152s] INFO:colcon.colcon_core.shell:Creating package script '/home/verabel/dqn_navigation_ws/install/dqn_robot_nav/share/dqn_robot_nav/package.zsh'
[4.154s] Level 1:colcon.colcon_core.environment:create_file_with_runtime_dependencies(/home/verabel/dqn_navigation_ws/install/dqn_robot_nav/share/colcon-core/packages/dqn_robot_nav)
[4.154s] DEBUG:colcon.colcon_parallel_executor.executor.parallel:closing loop
[4.155s] DEBUG:colcon.colcon_parallel_executor.executor.parallel:loop closed
[4.156s] DEBUG:colcon.colcon_parallel_executor.executor.parallel:run_until_complete finished with '0'
[4.156s] DEBUG:colcon.colcon_core.event_reactor:joining thread
[4.167s] INFO:colcon.colcon_core.plugin_system:Skipping extension 'colcon_notification.desktop_notification.terminal_notifier': Not used on non-Darwin systems
[4.167s] INFO:colcon.colcon_core.plugin_system:Skipping extension 'colcon_notification.desktop_notification.win32': Not used on non-Windows systems
[4.167s] INFO:colcon.colcon_notification.desktop_notification:Sending desktop notification using 'notify2'
[4.202s] DEBUG:colcon.colcon_core.event_reactor:joined thread
[4.203s] INFO:colcon.colcon_core.shell:Creating prefix script '/home/verabel/dqn_navigation_ws/install/local_setup.ps1'
[4.204s] INFO:colcon.colcon_core.shell:Creating prefix util module '/home/verabel/dqn_navigation_ws/install/_local_setup_util_ps1.py'
[4.207s] INFO:colcon.colcon_core.shell:Creating prefix chain script '/home/verabel/dqn_navigation_ws/install/setup.ps1'
[4.209s] INFO:colcon.colcon_core.shell:Creating prefix script '/home/verabel/dqn_navigation_ws/install/local_setup.sh'
[4.210s] INFO:colcon.colcon_core.shell:Creating prefix util module '/home/verabel/dqn_navigation_ws/install/_local_setup_util_sh.py'
[4.211s] INFO:colcon.colcon_core.shell:Creating prefix chain script '/home/verabel/dqn_navigation_ws/install/setup.sh'
[4.213s] INFO:colcon.colcon_core.shell:Creating prefix script '/home/verabel/dqn_navigation_ws/install/local_setup.bash'
[4.214s] INFO:colcon.colcon_core.shell:Creating prefix chain script '/home/verabel/dqn_navigation_ws/install/setup.bash'
[4.217s] INFO:colcon.colcon_core.shell:Creating prefix script '/home/verabel/dqn_navigation_ws/install/local_setup.zsh'
[4.218s] INFO:colcon.colcon_core.shell:Creating prefix chain script '/home/verabel/dqn_navigation_ws/install/setup.zsh'
