[0.125s] DEBUG:colcon:Command line arguments: ['/usr/bin/colcon', 'build']
[0.125s] DEBUG:colcon:Parsed command line arguments: Namespace(log_base=None, log_level=None, verb_name='build', build_base='build', install_base='install', merge_install=False, symlink_install=False, test_result_base=None, continue_on_error=False, executor='parallel', parallel_workers=12, event_handlers=None, ignore_user_meta=False, metas=['./colcon.meta'], base_paths=['.'], packages_ignore=None, packages_ignore_regex=None, paths=None, packages_up_to=None, packages_up_to_regex=None, packages_above=None, packages_above_and_dependencies=None, packages_above_depth=None, packages_select_by_dep=None, packages_skip_by_dep=None, packages_skip_up_to=None, packages_select_build_failed=False, packages_skip_build_finished=False, packages_select_test_failures=False, packages_skip_test_passed=False, packages_select=None, packages_skip=None, packages_select_regex=None, packages_skip_regex=None, packages_start=None, packages_end=None, allow_overriding=[], cmake_args=None, cmake_target=None, cmake_target_skip_unavailable=False, cmake_clean_cache=False, cmake_clean_first=False, cmake_force_configure=False, ament_cmake_args=None, catkin_cmake_args=None, catkin_skip_building_tests=False, mixin_files=None, mixin=None, verb_parser=<colcon_mixin.mixin.mixin_argument.MixinArgumentDecorator object at 0x75a14449c0b0>, verb_extension=<colcon_core.verb.build.BuildVerb object at 0x75a1445f88f0>, main=<bound method BuildVerb.main of <colcon_core.verb.build.BuildVerb object at 0x75a1445f88f0>>, mixin_verb=('build',))
[0.166s] Level 1:colcon.colcon_core.package_discovery:discover_packages(colcon_meta) check parameters
[0.166s] Level 1:colcon.colcon_core.package_discovery:discover_packages(recursive) check parameters
[0.166s] Level 1:colcon.colcon_core.package_discovery:discover_packages(ignore) check parameters
[0.166s] Level 1:colcon.colcon_core.package_discovery:discover_packages(path) check parameters
[0.166s] Level 1:colcon.colcon_core.package_discovery:discover_packages(colcon_meta) discover
[0.166s] Level 1:colcon.colcon_core.package_discovery:discover_packages(recursive) discover
[0.166s] INFO:colcon.colcon_core.package_discovery:Crawling recursively for packages in '/home/verabel/dqn_navigation_ws'
[0.167s] Level 1:colcon.colcon_core.package_identification:_identify(.) by extensions ['ignore', 'ignore_ament_install']
[0.167s] Level 1:colcon.colcon_core.package_identification:_identify(.) by extension 'ignore'
[0.167s] Level 1:colcon.colcon_core.package_identification:_identify(.) by extension 'ignore_ament_install'
[0.167s] Level 1:colcon.colcon_core.package_identification:_identify(.) by extensions ['colcon_pkg']
[0.167s] Level 1:colcon.colcon_core.package_identification:_identify(.) by extension 'colcon_pkg'
[0.167s] Level 1:colcon.colcon_core.package_identification:_identify(.) by extensions ['colcon_meta']
[0.167s] Level 1:colcon.colcon_core.package_identification:_identify(.) by extension 'colcon_meta'
[0.167s] Level 1:colcon.colcon_core.package_identification:_identify(.) by extensions ['ros']
[0.167s] Level 1:colcon.colcon_core.package_identification:_identify(.) by extension 'ros'
[0.193s] Level 1:colcon.colcon_core.package_identification:_identify(.) by extensions ['cmake', 'python']
[0.193s] Level 1:colcon.colcon_core.package_identification:_identify(.) by extension 'cmake'
[0.194s] Level 1:colcon.colcon_core.package_identification:_identify(.) by extension 'python'
[0.194s] Level 1:colcon.colcon_core.package_identification:_identify(.) by extensions ['python_setup_py']
[0.194s] Level 1:colcon.colcon_core.package_identification:_identify(.) by extension 'python_setup_py'
[0.194s] Level 1:colcon.colcon_core.package_identification:_identify(build) by extensions ['ignore', 'ignore_ament_install']
[0.194s] Level 1:colcon.colcon_core.package_identification:_identify(build) by extension 'ignore'
[0.194s] Level 1:colcon.colcon_core.package_identification:_identify(build) ignored
[0.194s] Level 1:colcon.colcon_core.package_identification:_identify(install) by extensions ['ignore', 'ignore_ament_install']
[0.194s] Level 1:colcon.colcon_core.package_identification:_identify(install) by extension 'ignore'
[0.194s] Level 1:colcon.colcon_core.package_identification:_identify(install) ignored
[0.195s] Level 1:colcon.colcon_core.package_identification:_identify(log) by extensions ['ignore', 'ignore_ament_install']
[0.195s] Level 1:colcon.colcon_core.package_identification:_identify(log) by extension 'ignore'
[0.195s] Level 1:colcon.colcon_core.package_identification:_identify(log) ignored
[0.195s] Level 1:colcon.colcon_core.package_identification:_identify(results_20260218_101013) by extensions ['ignore', 'ignore_ament_install']
[0.195s] Level 1:colcon.colcon_core.package_identification:_identify(results_20260218_101013) by extension 'ignore'
[0.195s] Level 1:colcon.colcon_core.package_identification:_identify(results_20260218_101013) by extension 'ignore_ament_install'
[0.195s] Level 1:colcon.colcon_core.package_identification:_identify(results_20260218_101013) by extensions ['colcon_pkg']
[0.195s] Level 1:colcon.colcon_core.package_identification:_identify(results_20260218_101013) by extension 'colcon_pkg'
[0.195s] Level 1:colcon.colcon_core.package_identification:_identify(results_20260218_101013) by extensions ['colcon_meta']
[0.195s] Level 1:colcon.colcon_core.package_identification:_identify(results_20260218_101013) by extension 'colcon_meta'
[0.196s] Level 1:colcon.colcon_core.package_identification:_identify(results_20260218_101013) by extensions ['ros']
[0.196s] Level 1:colcon.colcon_core.package_identification:_identify(results_20260218_101013) by extension 'ros'
[0.196s] Level 1:colcon.colcon_core.package_identification:_identify(results_20260218_101013) by extensions ['cmake', 'python']
[0.196s] Level 1:colcon.colcon_core.package_identification:_identify(results_20260218_101013) by extension 'cmake'
[0.196s] Level 1:colcon.colcon_core.package_identification:_identify(results_20260218_101013) by extension 'python'
[0.196s] Level 1:colcon.colcon_core.package_identification:_identify(results_20260218_101013) by extensions ['python_setup_py']
[0.196s] Level 1:colcon.colcon_core.package_identification:_identify(results_20260218_101013) by extension 'python_setup_py'
[0.196s] Level 1:colcon.colcon_core.package_identification:_identify(results_20260218_101115) by extensions ['ignore', 'ignore_ament_install']
[0.196s] Level 1:colcon.colcon_core.package_identification:_identify(results_20260218_101115) by extension 'ignore'
[0.196s] Level 1:colcon.colcon_core.package_identification:_identify(results_20260218_101115) by extension 'ignore_ament_install'
[0.196s] Level 1:colcon.colcon_core.package_identification:_identify(results_20260218_101115) by extensions ['colcon_pkg']
[0.196s] Level 1:colcon.colcon_core.package_identification:_identify(results_20260218_101115) by extension 'colcon_pkg'
[0.197s] Level 1:colcon.colcon_core.package_identification:_identify(results_20260218_101115) by extensions ['colcon_meta']
[0.197s] Level 1:colcon.colcon_core.package_identification:_identify(results_20260218_101115) by extension 'colcon_meta'
[0.197s] Level 1:colcon.colcon_core.package_identification:_identify(results_20260218_101115) by extensions ['ros']
[0.197s] Level 1:colcon.colcon_core.package_identification:_identify(results_20260218_101115) by extension 'ros'
[0.197s] Level 1:colcon.colcon_core.package_identification:_identify(results_20260218_101115) by extensions ['cmake', 'python']
[0.197s] Level 1:colcon.colcon_core.package_identification:_identify(results_20260218_101115) by extension 'cmake'
[0.197s] Level 1:colcon.colcon_core.package_identification:_identify(results_20260218_101115) by extension 'python'
[0.197s] Level 1:colcon.colcon_core.package_identification:_identify(results_20260218_101115) by extensions ['python_setup_py']
[0.197s] Level 1:colcon.colcon_core.package_identification:_identify(results_20260218_101115) by extension 'python_setup_py'
[0.197s] Level 1:colcon.colcon_core.package_identification:_identify(results_20260218_102721) by extensions ['ignore', 'ignore_ament_install']
[0.197s] Level 1:colcon.colcon_core.package_identification:_identify(results_20260218_102721) by extension 'ignore'
[0.197s] Level 1:colcon.colcon_core.package_identification:_identify(results_20260218_102721) by extension 'ignore_ament_install'
[0.197s] Level 1:colcon.colcon_core.package_identification:_identify(results_20260218_102721) by extensions ['colcon_pkg']
[0.197s] Level 1:colcon.colcon_core.package_identification:_identify(results_20260218_102721) by extension 'colcon_pkg'
[0.198s] Level 1:colcon.colcon_core.package_identification:_identify(results_20260218_102721) by extensions ['colcon_meta']
[0.198s] Level 1:colcon.colcon_core.package_identification:_identify(results_20260218_102721) by extension 'colcon_meta'
[0.198s] Level 1:colcon.colcon_core.package_identification:_identify(results_20260218_102721) by extensions ['ros']
[0.198s] Level 1:colcon.colcon_core.package_identification:_identify(results_20260218_102721) by extension 'ros'
[0.198s] Level 1:colcon.colcon_core.package_identification:_identify(results_20260218_102721) by extensions ['cmake', 'python']
[0.198s] Level 1:colcon.colcon_core.package_identification:_identify(results_20260218_102721) by extension 'cmake'
[0.198s] Level 1:colcon.colcon_core.package_identification:_identify(results_20260218_102721) by extension 'python'
[0.198s] Level 1:colcon.colcon_core.package_identification:_identify(results_20260218_102721) by extensions ['python_setup_py']
[0.198s] Level 1:colcon.colcon_core.package_identification:_identify(results_20260218_102721) by extension 'python_setup_py'
[0.198s] Level 1:colcon.colcon_core.package_identification:_identify(results_20260218_104752) by extensions ['ignore', 'ignore_ament_install']
[0.198s] Level 1:colcon.colcon_core.package_identification:_identify(results_20260218_104752) by extension 'ignore'
[0.198s] Level 1:colcon.colcon_core.package_identification:_identify(results_20260218_104752) by extension 'ignore_ament_install'
[0.198s] Level 1:colcon.colcon_core.package_identification:_identify(results_20260218_104752) by extensions ['colcon_pkg']
[0.199s] Level 1:colcon.colcon_core.package_identification:_identify(results_20260218_104752) by extension 'colcon_pkg'
[0.199s] Level 1:colcon.colcon_core.package_identification:_identify(results_20260218_104752) by extensions ['colcon_meta']
[0.199s] Level 1:colcon.colcon_core.package_identification:_identify(results_20260218_104752) by extension 'colcon_meta'
[0.199s] Level 1:colcon.colcon_core.package_identification:_identify(results_20260218_104752) by extensions ['ros']
[0.199s] Level 1:colcon.colcon_core.package_identification:_identify(results_20260218_104752) by extension 'ros'
[0.199s] Level 1:colcon.colcon_core.package_identification:_identify(results_20260218_104752) by extensions ['cmake', 'python']
[0.199s] Level 1:colcon.colcon_core.package_identification:_identify(results_20260218_104752) by extension 'cmake'
[0.199s] Level 1:colcon.colcon_core.package_identification:_identify(results_20260218_104752) by extension 'python'
[0.199s] Level 1:colcon.colcon_core.package_identification:_identify(results_20260218_104752) by extensions ['python_setup_py']
[0.199s] Level 1:colcon.colcon_core.package_identification:_identify(results_20260218_104752) by extension 'python_setup_py'
[0.199s] Level 1:colcon.colcon_core.package_identification:_identify(results_20260218_104812) by extensions ['ignore', 'ignore_ament_install']
[0.199s] Level 1:colcon.colcon_core.package_identification:_identify(results_20260218_104812) by extension 'ignore'
[0.199s] Level 1:colcon.colcon_core.package_identification:_identify(results_20260218_104812) by extension 'ignore_ament_install'
[0.200s] Level 1:colcon.colcon_core.package_identification:_identify(results_20260218_104812) by extensions ['colcon_pkg']
[0.200s] Level 1:colcon.colcon_core.package_identification:_identify(results_20260218_104812) by extension 'colcon_pkg'
[0.200s] Level 1:colcon.colcon_core.package_identification:_identify(results_20260218_104812) by extensions ['colcon_meta']
[0.200s] Level 1:colcon.colcon_core.package_identification:_identify(results_20260218_104812) by extension 'colcon_meta'
[0.200s] Level 1:colcon.colcon_core.package_identification:_identify(results_20260218_104812) by extensions ['ros']
[0.200s] Level 1:colcon.colcon_core.package_identification:_identify(results_20260218_104812) by extension 'ros'
[0.200s] Level 1:colcon.colcon_core.package_identification:_identify(results_20260218_104812) by extensions ['cmake', 'python']
[0.200s] Level 1:colcon.colcon_core.package_identification:_identify(results_20260218_104812) by extension 'cmake'
[0.200s] Level 1:colcon.colcon_core.package_identification:_identify(results_20260218_104812) by extension 'python'
[0.200s] Level 1:colcon.colcon_core.package_identification:_identify(results_20260218_104812) by extensions ['python_setup_py']
[0.200s] Level 1:colcon.colcon_core.package_identification:_identify(results_20260218_104812) by extension 'python_setup_py'
[0.200s] Level 1:colcon.colcon_core.package_identification:_identify(results_20260218_173117) by extensions ['ignore', 'ignore_ament_install']
[0.200s] Level 1:colcon.colcon_core.package_identification:_identify(results_20260218_173117) by extension 'ignore'
[0.200s] Level 1:colcon.colcon_core.package_identification:_identify(results_20260218_173117) by extension 'ignore_ament_install'
[0.201s] Level 1:colcon.colcon_core.package_identification:_identify(results_20260218_173117) by extensions ['colcon_pkg']
[0.201s] Level 1:colcon.colcon_core.package_identification:_identify(results_20260218_173117) by extension 'colcon_pkg'
[0.201s] Level 1:colcon.colcon_core.package_identification:_identify(results_20260218_173117) by extensions ['colcon_meta']
[0.201s] Level 1:colcon.colcon_core.package_identification:_identify(results_20260218_173117) by extension 'colcon_meta'
[0.201s] Level 1:colcon.colcon_core.package_identification:_identify(results_20260218_173117) by extensions ['ros']
[0.201s] Level 1:colcon.colcon_core.package_identification:_identify(results_20260218_173117) by extension 'ros'
[0.201s] Level 1:colcon.colcon_core.package_identification:_identify(results_20260218_173117) by extensions ['cmake', 'python']
[0.201s] Level 1:colcon.colcon_core.package_identification:_identify(results_20260218_173117) by extension 'cmake'
[0.201s] Level 1:colcon.colcon_core.package_identification:_identify(results_20260218_173117) by extension 'python'
[0.201s] Level 1:colcon.colcon_core.package_identification:_identify(results_20260218_173117) by extensions ['python_setup_py']
[0.201s] Level 1:colcon.colcon_core.package_identification:_identify(results_20260218_173117) by extension 'python_setup_py'
[0.201s] Level 1:colcon.colcon_core.package_identification:_identify(results_20260218_182153) by extensions ['ignore', 'ignore_ament_install']
[0.201s] Level 1:colcon.colcon_core.package_identification:_identify(results_20260218_182153) by extension 'ignore'
[0.201s] Level 1:colcon.colcon_core.package_identification:_identify(results_20260218_182153) by extension 'ignore_ament_install'
[0.202s] Level 1:colcon.colcon_core.package_identification:_identify(results_20260218_182153) by extensions ['colcon_pkg']
[0.202s] Level 1:colcon.colcon_core.package_identification:_identify(results_20260218_182153) by extension 'colcon_pkg'
[0.202s] Level 1:colcon.colcon_core.package_identification:_identify(results_20260218_182153) by extensions ['colcon_meta']
[0.202s] Level 1:colcon.colcon_core.package_identification:_identify(results_20260218_182153) by extension 'colcon_meta'
[0.202s] Level 1:colcon.colcon_core.package_identification:_identify(results_20260218_182153) by extensions ['ros']
[0.202s] Level 1:colcon.colcon_core.package_identification:_identify(results_20260218_182153) by extension 'ros'
[0.202s] Level 1:colcon.colcon_core.package_identification:_identify(results_20260218_182153) by extensions ['cmake', 'python']
[0.202s] Level 1:colcon.colcon_core.package_identification:_identify(results_20260218_182153) by extension 'cmake'
[0.202s] Level 1:colcon.colcon_core.package_identification:_identify(results_20260218_182153) by extension 'python'
[0.202s] Level 1:colcon.colcon_core.package_identification:_identify(results_20260218_182153) by extensions ['python_setup_py']
[0.202s] Level 1:colcon.colcon_core.package_identification:_identify(results_20260218_182153) by extension 'python_setup_py'
[0.202s] Level 1:colcon.colcon_core.package_identification:_identify(results_20260218_194102) by extensions ['ignore', 'ignore_ament_install']
[0.202s] Level 1:colcon.colcon_core.package_identification:_identify(results_20260218_194102) by extension 'ignore'
[0.203s] Level 1:colcon.colcon_core.package_identification:_identify(results_20260218_194102) by extension 'ignore_ament_install'
[0.203s] Level 1:colcon.colcon_core.package_identification:_identify(results_20260218_194102) by extensions ['colcon_pkg']
[0.203s] Level 1:colcon.colcon_core.package_identification:_identify(results_20260218_194102) by extension 'colcon_pkg'
[0.203s] Level 1:colcon.colcon_core.package_identification:_identify(results_20260218_194102) by extensions ['colcon_meta']
[0.203s] Level 1:colcon.colcon_core.package_identification:_identify(results_20260218_194102) by extension 'colcon_meta'
[0.203s] Level 1:colcon.colcon_core.package_identification:_identify(results_20260218_194102) by extensions ['ros']
[0.203s] Level 1:colcon.colcon_core.package_identification:_identify(results_20260218_194102) by extension 'ros'
[0.203s] Level 1:colcon.colcon_core.package_identification:_identify(results_20260218_194102) by extensions ['cmake', 'python']
[0.203s] Level 1:colcon.colcon_core.package_identification:_identify(results_20260218_194102) by extension 'cmake'
[0.203s] Level 1:colcon.colcon_core.package_identification:_identify(results_20260218_194102) by extension 'python'
[0.203s] Level 1:colcon.colcon_core.package_identification:_identify(results_20260218_194102) by extensions ['python_setup_py']
[0.203s] Level 1:colcon.colcon_core.package_identification:_identify(results_20260218_194102) by extension 'python_setup_py'
[0.203s] Level 1:colcon.colcon_core.package_identification:_identify(results_20260218_200654) by extensions ['ignore', 'ignore_ament_install']
[0.203s] Level 1:colcon.colcon_core.package_identification:_identify(results_20260218_200654) by extension 'ignore'
[0.204s] Level 1:colcon.colcon_core.package_identification:_identify(results_20260218_200654) by extension 'ignore_ament_install'
[0.204s] Level 1:colcon.colcon_core.package_identification:_identify(results_20260218_200654) by extensions ['colcon_pkg']
[0.204s] Level 1:colcon.colcon_core.package_identification:_identify(results_20260218_200654) by extension 'colcon_pkg'
[0.204s] Level 1:colcon.colcon_core.package_identification:_identify(results_20260218_200654) by extensions ['colcon_meta']
[0.204s] Level 1:colcon.colcon_core.package_identification:_identify(results_20260218_200654) by extension 'colcon_meta'
[0.204s] Level 1:colcon.colcon_core.package_identification:_identify(results_20260218_200654) by extensions ['ros']
[0.204s] Level 1:colcon.colcon_core.package_identification:_identify(results_20260218_200654) by extension 'ros'
[0.204s] Level 1:colcon.colcon_core.package_identification:_identify(results_20260218_200654) by extensions ['cmake', 'python']
[0.204s] Level 1:colcon.colcon_core.package_identification:_identify(results_20260218_200654) by extension 'cmake'
[0.204s] Level 1:colcon.colcon_core.package_identification:_identify(results_20260218_200654) by extension 'python'
[0.204s] Level 1:colcon.colcon_core.package_identification:_identify(results_20260218_200654) by extensions ['python_setup_py']
[0.204s] Level 1:colcon.colcon_core.package_identification:_identify(results_20260218_200654) by extension 'python_setup_py'
[0.204s] Level 1:colcon.colcon_core.package_identification:_identify(results_20260218_201625) by extensions ['ignore', 'ignore_ament_install']
[0.204s] Level 1:colcon.colcon_core.package_identification:_identify(results_20260218_201625) by extension 'ignore'
[0.205s] Level 1:colcon.colcon_core.package_identification:_identify(results_20260218_201625) by extension 'ignore_ament_install'
[0.205s] Level 1:colcon.colcon_core.package_identification:_identify(results_20260218_201625) by extensions ['colcon_pkg']
[0.205s] Level 1:colcon.colcon_core.package_identification:_identify(results_20260218_201625) by extension 'colcon_pkg'
[0.205s] Level 1:colcon.colcon_core.package_identification:_identify(results_20260218_201625) by extensions ['colcon_meta']
[0.205s] Level 1:colcon.colcon_core.package_identification:_identify(results_20260218_201625) by extension 'colcon_meta'
[0.205s] Level 1:colcon.colcon_core.package_identification:_identify(results_20260218_201625) by extensions ['ros']
[0.205s] Level 1:colcon.colcon_core.package_identification:_identify(results_20260218_201625) by extension 'ros'
[0.205s] Level 1:colcon.colcon_core.package_identification:_identify(results_20260218_201625) by extensions ['cmake', 'python']
[0.205s] Level 1:colcon.colcon_core.package_identification:_identify(results_20260218_201625) by extension 'cmake'
[0.205s] Level 1:colcon.colcon_core.package_identification:_identify(results_20260218_201625) by extension 'python'
[0.205s] Level 1:colcon.colcon_core.package_identification:_identify(results_20260218_201625) by extensions ['python_setup_py']
[0.205s] Level 1:colcon.colcon_core.package_identification:_identify(results_20260218_201625) by extension 'python_setup_py'
[0.205s] Level 1:colcon.colcon_core.package_identification:_identify(results_20260218_202025) by extensions ['ignore', 'ignore_ament_install']
[0.206s] Level 1:colcon.colcon_core.package_identification:_identify(results_20260218_202025) by extension 'ignore'
[0.206s] Level 1:colcon.colcon_core.package_identification:_identify(results_20260218_202025) by extension 'ignore_ament_install'
[0.206s] Level 1:colcon.colcon_core.package_identification:_identify(results_20260218_202025) by extensions ['colcon_pkg']
[0.206s] Level 1:colcon.colcon_core.package_identification:_identify(results_20260218_202025) by extension 'colcon_pkg'
[0.206s] Level 1:colcon.colcon_core.package_identification:_identify(results_20260218_202025) by extensions ['colcon_meta']
[0.206s] Level 1:colcon.colcon_core.package_identification:_identify(results_20260218_202025) by extension 'colcon_meta'
[0.206s] Level 1:colcon.colcon_core.package_identification:_identify(results_20260218_202025) by extensions ['ros']
[0.206s] Level 1:colcon.colcon_core.package_identification:_identify(results_20260218_202025) by extension 'ros'
[0.206s] Level 1:colcon.colcon_core.package_identification:_identify(results_20260218_202025) by extensions ['cmake', 'python']
[0.206s] Level 1:colcon.colcon_core.package_identification:_identify(results_20260218_202025) by extension 'cmake'
[0.206s] Level 1:colcon.colcon_core.package_identification:_identify(results_20260218_202025) by extension 'python'
[0.206s] Level 1:colcon.colcon_core.package_identification:_identify(results_20260218_202025) by extensions ['python_setup_py']
[0.206s] Level 1:colcon.colcon_core.package_identification:_identify(results_20260218_202025) by extension 'python_setup_py'
[0.206s] Level 1:colcon.colcon_core.package_identification:_identify(results_20260218_202102) by extensions ['ignore', 'ignore_ament_install']
[0.207s] Level 1:colcon.colcon_core.package_identification:_identify(results_20260218_202102) by extension 'ignore'
[0.207s] Level 1:colcon.colcon_core.package_identification:_identify(results_20260218_202102) by extension 'ignore_ament_install'
[0.207s] Level 1:colcon.colcon_core.package_identification:_identify(results_20260218_202102) by extensions ['colcon_pkg']
[0.207s] Level 1:colcon.colcon_core.package_identification:_identify(results_20260218_202102) by extension 'colcon_pkg'
[0.207s] Level 1:colcon.colcon_core.package_identification:_identify(results_20260218_202102) by extensions ['colcon_meta']
[0.207s] Level 1:colcon.colcon_core.package_identification:_identify(results_20260218_202102) by extension 'colcon_meta'
[0.207s] Level 1:colcon.colcon_core.package_identification:_identify(results_20260218_202102) by extensions ['ros']
[0.207s] Level 1:colcon.colcon_core.package_identification:_identify(results_20260218_202102) by extension 'ros'
[0.207s] Level 1:colcon.colcon_core.package_identification:_identify(results_20260218_202102) by extensions ['cmake', 'python']
[0.207s] Level 1:colcon.colcon_core.package_identification:_identify(results_20260218_202102) by extension 'cmake'
[0.207s] Level 1:colcon.colcon_core.package_identification:_identify(results_20260218_202102) by extension 'python'
[0.207s] Level 1:colcon.colcon_core.package_identification:_identify(results_20260218_202102) by extensions ['python_setup_py']
[0.207s] Level 1:colcon.colcon_core.package_identification:_identify(results_20260218_202102) by extension 'python_setup_py'
[0.207s] Level 1:colcon.colcon_core.package_identification:_identify(results_20260218_202729) by extensions ['ignore', 'ignore_ament_install']
[0.208s] Level 1:colcon.colcon_core.package_identification:_identify(results_20260218_202729) by extension 'ignore'
[0.208s] Level 1:colcon.colcon_core.package_identification:_identify(results_20260218_202729) by extension 'ignore_ament_install'
[0.208s] Level 1:colcon.colcon_core.package_identification:_identify(results_20260218_202729) by extensions ['colcon_pkg']
[0.208s] Level 1:colcon.colcon_core.package_identification:_identify(results_20260218_202729) by extension 'colcon_pkg'
[0.208s] Level 1:colcon.colcon_core.package_identification:_identify(results_20260218_202729) by extensions ['colcon_meta']
[0.208s] Level 1:colcon.colcon_core.package_identification:_identify(results_20260218_202729) by extension 'colcon_meta'
[0.208s] Level 1:colcon.colcon_core.package_identification:_identify(results_20260218_202729) by extensions ['ros']
[0.208s] Level 1:colcon.colcon_core.package_identification:_identify(results_20260218_202729) by extension 'ros'
[0.208s] Level 1:colcon.colcon_core.package_identification:_identify(results_20260218_202729) by extensions ['cmake', 'python']
[0.208s] Level 1:colcon.colcon_core.package_identification:_identify(results_20260218_202729) by extension 'cmake'
[0.208s] Level 1:colcon.colcon_core.package_identification:_identify(results_20260218_202729) by extension 'python'
[0.208s] Level 1:colcon.colcon_core.package_identification:_identify(results_20260218_202729) by extensions ['python_setup_py']
[0.208s] Level 1:colcon.colcon_core.package_identification:_identify(results_20260218_202729) by extension 'python_setup_py'
[0.208s] Level 1:colcon.colcon_core.package_identification:_identify(results_20260218_203644) by extensions ['ignore', 'ignore_ament_install']
[0.209s] Level 1:colcon.colcon_core.package_identification:_identify(results_20260218_203644) by extension 'ignore'
[0.209s] Level 1:colcon.colcon_core.package_identification:_identify(results_20260218_203644) by extension 'ignore_ament_install'
[0.209s] Level 1:colcon.colcon_core.package_identification:_identify(results_20260218_203644) by extensions ['colcon_pkg']
[0.209s] Level 1:colcon.colcon_core.package_identification:_identify(results_20260218_203644) by extension 'colcon_pkg'
[0.209s] Level 1:colcon.colcon_core.package_identification:_identify(results_20260218_203644) by extensions ['colcon_meta']
[0.209s] Level 1:colcon.colcon_core.package_identification:_identify(results_20260218_203644) by extension 'colcon_meta'
[0.209s] Level 1:colcon.colcon_core.package_identification:_identify(results_20260218_203644) by extensions ['ros']
[0.209s] Level 1:colcon.colcon_core.package_identification:_identify(results_20260218_203644) by extension 'ros'
[0.209s] Level 1:colcon.colcon_core.package_identification:_identify(results_20260218_203644) by extensions ['cmake', 'python']
[0.209s] Level 1:colcon.colcon_core.package_identification:_identify(results_20260218_203644) by extension 'cmake'
[0.209s] Level 1:colcon.colcon_core.package_identification:_identify(results_20260218_203644) by extension 'python'
[0.209s] Level 1:colcon.colcon_core.package_identification:_identify(results_20260218_203644) by extensions ['python_setup_py']
[0.209s] Level 1:colcon.colcon_core.package_identification:_identify(results_20260218_203644) by extension 'python_setup_py'
[0.210s] Level 1:colcon.colcon_core.package_identification:_identify(results_20260218_204727) by extensions ['ignore', 'ignore_ament_install']
[0.210s] Level 1:colcon.colcon_core.package_identification:_identify(results_20260218_204727) by extension 'ignore'
[0.210s] Level 1:colcon.colcon_core.package_identification:_identify(results_20260218_204727) by extension 'ignore_ament_install'
[0.210s] Level 1:colcon.colcon_core.package_identification:_identify(results_20260218_204727) by extensions ['colcon_pkg']
[0.210s] Level 1:colcon.colcon_core.package_identification:_identify(results_20260218_204727) by extension 'colcon_pkg'
[0.210s] Level 1:colcon.colcon_core.package_identification:_identify(results_20260218_204727) by extensions ['colcon_meta']
[0.210s] Level 1:colcon.colcon_core.package_identification:_identify(results_20260218_204727) by extension 'colcon_meta'
[0.210s] Level 1:colcon.colcon_core.package_identification:_identify(results_20260218_204727) by extensions ['ros']
[0.210s] Level 1:colcon.colcon_core.package_identification:_identify(results_20260218_204727) by extension 'ros'
[0.210s] Level 1:colcon.colcon_core.package_identification:_identify(results_20260218_204727) by extensions ['cmake', 'python']
[0.210s] Level 1:colcon.colcon_core.package_identification:_identify(results_20260218_204727) by extension 'cmake'
[0.210s] Level 1:colcon.colcon_core.package_identification:_identify(results_20260218_204727) by extension 'python'
[0.210s] Level 1:colcon.colcon_core.package_identification:_identify(results_20260218_204727) by extensions ['python_setup_py']
[0.210s] Level 1:colcon.colcon_core.package_identification:_identify(results_20260218_204727) by extension 'python_setup_py'
[0.211s] Level 1:colcon.colcon_core.package_identification:_identify(results_20260218_204906) by extensions ['ignore', 'ignore_ament_install']
[0.211s] Level 1:colcon.colcon_core.package_identification:_identify(results_20260218_204906) by extension 'ignore'
[0.211s] Level 1:colcon.colcon_core.package_identification:_identify(results_20260218_204906) by extension 'ignore_ament_install'
[0.211s] Level 1:colcon.colcon_core.package_identification:_identify(results_20260218_204906) by extensions ['colcon_pkg']
[0.211s] Level 1:colcon.colcon_core.package_identification:_identify(results_20260218_204906) by extension 'colcon_pkg'
[0.211s] Level 1:colcon.colcon_core.package_identification:_identify(results_20260218_204906) by extensions ['colcon_meta']
[0.211s] Level 1:colcon.colcon_core.package_identification:_identify(results_20260218_204906) by extension 'colcon_meta'
[0.211s] Level 1:colcon.colcon_core.package_identification:_identify(results_20260218_204906) by extensions ['ros']
[0.211s] Level 1:colcon.colcon_core.package_identification:_identify(results_20260218_204906) by extension 'ros'
[0.211s] Level 1:colcon.colcon_core.package_identification:_identify(results_20260218_204906) by extensions ['cmake', 'python']
[0.211s] Level 1:colcon.colcon_core.package_identification:_identify(results_20260218_204906) by extension 'cmake'
[0.211s] Level 1:colcon.colcon_core.package_identification:_identify(results_20260218_204906) by extension 'python'
[0.211s] Level 1:colcon.colcon_core.package_identification:_identify(results_20260218_204906) by extensions ['python_setup_py']
[0.211s] Level 1:colcon.colcon_core.package_identification:_identify(results_20260218_204906) by extension 'python_setup_py'
[0.212s] Level 1:colcon.colcon_core.package_identification:_identify(results_20260218_205808) by extensions ['ignore', 'ignore_ament_install']
[0.212s] Level 1:colcon.colcon_core.package_identification:_identify(results_20260218_205808) by extension 'ignore'
[0.212s] Level 1:colcon.colcon_core.package_identification:_identify(results_20260218_205808) by extension 'ignore_ament_install'
[0.212s] Level 1:colcon.colcon_core.package_identification:_identify(results_20260218_205808) by extensions ['colcon_pkg']
[0.212s] Level 1:colcon.colcon_core.package_identification:_identify(results_20260218_205808) by extension 'colcon_pkg'
[0.212s] Level 1:colcon.colcon_core.package_identification:_identify(results_20260218_205808) by extensions ['colcon_meta']
[0.212s] Level 1:colcon.colcon_core.package_identification:_identify(results_20260218_205808) by extension 'colcon_meta'
[0.212s] Level 1:colcon.colcon_core.package_identification:_identify(results_20260218_205808) by extensions ['ros']
[0.212s] Level 1:colcon.colcon_core.package_identification:_identify(results_20260218_205808) by extension 'ros'
[0.212s] Level 1:colcon.colcon_core.package_identification:_identify(results_20260218_205808) by extensions ['cmake', 'python']
[0.212s] Level 1:colcon.colcon_core.package_identification:_identify(results_20260218_205808) by extension 'cmake'
[0.212s] Level 1:colcon.colcon_core.package_identification:_identify(results_20260218_205808) by extension 'python'
[0.212s] Level 1:colcon.colcon_core.package_identification:_identify(results_20260218_205808) by extensions ['python_setup_py']
[0.212s] Level 1:colcon.colcon_core.package_identification:_identify(results_20260218_205808) by extension 'python_setup_py'
[0.213s] Level 1:colcon.colcon_core.package_identification:_identify(results_20260218_210200) by extensions ['ignore', 'ignore_ament_install']
[0.213s] Level 1:colcon.colcon_core.package_identification:_identify(results_20260218_210200) by extension 'ignore'
[0.213s] Level 1:colcon.colcon_core.package_identification:_identify(results_20260218_210200) by extension 'ignore_ament_install'
[0.213s] Level 1:colcon.colcon_core.package_identification:_identify(results_20260218_210200) by extensions ['colcon_pkg']
[0.213s] Level 1:colcon.colcon_core.package_identification:_identify(results_20260218_210200) by extension 'colcon_pkg'
[0.213s] Level 1:colcon.colcon_core.package_identification:_identify(results_20260218_210200) by extensions ['colcon_meta']
[0.213s] Level 1:colcon.colcon_core.package_identification:_identify(results_20260218_210200) by extension 'colcon_meta'
[0.213s] Level 1:colcon.colcon_core.package_identification:_identify(results_20260218_210200) by extensions ['ros']
[0.213s] Level 1:colcon.colcon_core.package_identification:_identify(results_20260218_210200) by extension 'ros'
[0.213s] Level 1:colcon.colcon_core.package_identification:_identify(results_20260218_210200) by extensions ['cmake', 'python']
[0.213s] Level 1:colcon.colcon_core.package_identification:_identify(results_20260218_210200) by extension 'cmake'
[0.213s] Level 1:colcon.colcon_core.package_identification:_identify(results_20260218_210200) by extension 'python'
[0.213s] Level 1:colcon.colcon_core.package_identification:_identify(results_20260218_210200) by extensions ['python_setup_py']
[0.213s] Level 1:colcon.colcon_core.package_identification:_identify(results_20260218_210200) by extension 'python_setup_py'
[0.214s] Level 1:colcon.colcon_core.package_identification:_identify(results_20260218_210452) by extensions ['ignore', 'ignore_ament_install']
[0.214s] Level 1:colcon.colcon_core.package_identification:_identify(results_20260218_210452) by extension 'ignore'
[0.214s] Level 1:colcon.colcon_core.package_identification:_identify(results_20260218_210452) by extension 'ignore_ament_install'
[0.214s] Level 1:colcon.colcon_core.package_identification:_identify(results_20260218_210452) by extensions ['colcon_pkg']
[0.214s] Level 1:colcon.colcon_core.package_identification:_identify(results_20260218_210452) by extension 'colcon_pkg'
[0.214s] Level 1:colcon.colcon_core.package_identification:_identify(results_20260218_210452) by extensions ['colcon_meta']
[0.214s] Level 1:colcon.colcon_core.package_identification:_identify(results_20260218_210452) by extension 'colcon_meta'
[0.214s] Level 1:colcon.colcon_core.package_identification:_identify(results_20260218_210452) by extensions ['ros']
[0.214s] Level 1:colcon.colcon_core.package_identification:_identify(results_20260218_210452) by extension 'ros'
[0.214s] Level 1:colcon.colcon_core.package_identification:_identify(results_20260218_210452) by extensions ['cmake', 'python']
[0.214s] Level 1:colcon.colcon_core.package_identification:_identify(results_20260218_210452) by extension 'cmake'
[0.214s] Level 1:colcon.colcon_core.package_identification:_identify(results_20260218_210452) by extension 'python'
[0.214s] Level 1:colcon.colcon_core.package_identification:_identify(results_20260218_210452) by extensions ['python_setup_py']
[0.215s] Level 1:colcon.colcon_core.package_identification:_identify(results_20260218_210452) by extension 'python_setup_py'
[0.215s] Level 1:colcon.colcon_core.package_identification:_identify(results_20260218_220015) by extensions ['ignore', 'ignore_ament_install']
[0.215s] Level 1:colcon.colcon_core.package_identification:_identify(results_20260218_220015) by extension 'ignore'
[0.215s] Level 1:colcon.colcon_core.package_identification:_identify(results_20260218_220015) by extension 'ignore_ament_install'
[0.215s] Level 1:colcon.colcon_core.package_identification:_identify(results_20260218_220015) by extensions ['colcon_pkg']
[0.215s] Level 1:colcon.colcon_core.package_identification:_identify(results_20260218_220015) by extension 'colcon_pkg'
[0.215s] Level 1:colcon.colcon_core.package_identification:_identify(results_20260218_220015) by extensions ['colcon_meta']
[0.215s] Level 1:colcon.colcon_core.package_identification:_identify(results_20260218_220015) by extension 'colcon_meta'
[0.215s] Level 1:colcon.colcon_core.package_identification:_identify(results_20260218_220015) by extensions ['ros']
[0.215s] Level 1:colcon.colcon_core.package_identification:_identify(results_20260218_220015) by extension 'ros'
[0.215s] Level 1:colcon.colcon_core.package_identification:_identify(results_20260218_220015) by extensions ['cmake', 'python']
[0.215s] Level 1:colcon.colcon_core.package_identification:_identify(results_20260218_220015) by extension 'cmake'
[0.215s] Level 1:colcon.colcon_core.package_identification:_identify(results_20260218_220015) by extension 'python'
[0.215s] Level 1:colcon.colcon_core.package_identification:_identify(results_20260218_220015) by extensions ['python_setup_py']
[0.216s] Level 1:colcon.colcon_core.package_identification:_identify(results_20260218_220015) by extension 'python_setup_py'
[0.216s] Level 1:colcon.colcon_core.package_identification:_identify(results_20260218_220112) by extensions ['ignore', 'ignore_ament_install']
[0.216s] Level 1:colcon.colcon_core.package_identification:_identify(results_20260218_220112) by extension 'ignore'
[0.216s] Level 1:colcon.colcon_core.package_identification:_identify(results_20260218_220112) by extension 'ignore_ament_install'
[0.216s] Level 1:colcon.colcon_core.package_identification:_identify(results_20260218_220112) by extensions ['colcon_pkg']
[0.216s] Level 1:colcon.colcon_core.package_identification:_identify(results_20260218_220112) by extension 'colcon_pkg'
[0.216s] Level 1:colcon.colcon_core.package_identification:_identify(results_20260218_220112) by extensions ['colcon_meta']
[0.216s] Level 1:colcon.colcon_core.package_identification:_identify(results_20260218_220112) by extension 'colcon_meta'
[0.216s] Level 1:colcon.colcon_core.package_identification:_identify(results_20260218_220112) by extensions ['ros']
[0.216s] Level 1:colcon.colcon_core.package_identification:_identify(results_20260218_220112) by extension 'ros'
[0.216s] Level 1:colcon.colcon_core.package_identification:_identify(results_20260218_220112) by extensions ['cmake', 'python']
[0.216s] Level 1:colcon.colcon_core.package_identification:_identify(results_20260218_220112) by extension 'cmake'
[0.216s] Level 1:colcon.colcon_core.package_identification:_identify(results_20260218_220112) by extension 'python'
[0.217s] Level 1:colcon.colcon_core.package_identification:_identify(results_20260218_220112) by extensions ['python_setup_py']
[0.217s] Level 1:colcon.colcon_core.package_identification:_identify(results_20260218_220112) by extension 'python_setup_py'
[0.217s] Level 1:colcon.colcon_core.package_identification:_identify(results_20260218_221055) by extensions ['ignore', 'ignore_ament_install']
[0.217s] Level 1:colcon.colcon_core.package_identification:_identify(results_20260218_221055) by extension 'ignore'
[0.217s] Level 1:colcon.colcon_core.package_identification:_identify(results_20260218_221055) by extension 'ignore_ament_install'
[0.217s] Level 1:colcon.colcon_core.package_identification:_identify(results_20260218_221055) by extensions ['colcon_pkg']
[0.217s] Level 1:colcon.colcon_core.package_identification:_identify(results_20260218_221055) by extension 'colcon_pkg'
[0.217s] Level 1:colcon.colcon_core.package_identification:_identify(results_20260218_221055) by extensions ['colcon_meta']
[0.217s] Level 1:colcon.colcon_core.package_identification:_identify(results_20260218_221055) by extension 'colcon_meta'
[0.217s] Level 1:colcon.colcon_core.package_identification:_identify(results_20260218_221055) by extensions ['ros']
[0.217s] Level 1:colcon.colcon_core.package_identification:_identify(results_20260218_221055) by extension 'ros'
[0.217s] Level 1:colcon.colcon_core.package_identification:_identify(results_20260218_221055) by extensions ['cmake', 'python']
[0.217s] Level 1:colcon.colcon_core.package_identification:_identify(results_20260218_221055) by extension 'cmake'
[0.218s] Level 1:colcon.colcon_core.package_identification:_identify(results_20260218_221055) by extension 'python'
[0.218s] Level 1:colcon.colcon_core.package_identification:_identify(results_20260218_221055) by extensions ['python_setup_py']
[0.218s] Level 1:colcon.colcon_core.package_identification:_identify(results_20260218_221055) by extension 'python_setup_py'
[0.218s] Level 1:colcon.colcon_core.package_identification:_identify(src) by extensions ['ignore', 'ignore_ament_install']
[0.218s] Level 1:colcon.colcon_core.package_identification:_identify(src) by extension 'ignore'
[0.218s] Level 1:colcon.colcon_core.package_identification:_identify(src) by extension 'ignore_ament_install'
[0.218s] Level 1:colcon.colcon_core.package_identification:_identify(src) by extensions ['colcon_pkg']
[0.218s] Level 1:colcon.colcon_core.package_identification:_identify(src) by extension 'colcon_pkg'
[0.218s] Level 1:colcon.colcon_core.package_identification:_identify(src) by extensions ['colcon_meta']
[0.218s] Level 1:colcon.colcon_core.package_identification:_identify(src) by extension 'colcon_meta'
[0.218s] Level 1:colcon.colcon_core.package_identification:_identify(src) by extensions ['ros']
[0.218s] Level 1:colcon.colcon_core.package_identification:_identify(src) by extension 'ros'
[0.218s] Level 1:colcon.colcon_core.package_identification:_identify(src) by extensions ['cmake', 'python']
[0.218s] Level 1:colcon.colcon_core.package_identification:_identify(src) by extension 'cmake'
[0.219s] Level 1:colcon.colcon_core.package_identification:_identify(src) by extension 'python'
[0.219s] Level 1:colcon.colcon_core.package_identification:_identify(src) by extensions ['python_setup_py']
[0.219s] Level 1:colcon.colcon_core.package_identification:_identify(src) by extension 'python_setup_py'
[0.219s] Level 1:colcon.colcon_core.package_identification:_identify(src/dqn_robot_nav) by extensions ['ignore', 'ignore_ament_install']
[0.219s] Level 1:colcon.colcon_core.package_identification:_identify(src/dqn_robot_nav) by extension 'ignore'
[0.219s] Level 1:colcon.colcon_core.package_identification:_identify(src/dqn_robot_nav) by extension 'ignore_ament_install'
[0.219s] Level 1:colcon.colcon_core.package_identification:_identify(src/dqn_robot_nav) by extensions ['colcon_pkg']
[0.219s] Level 1:colcon.colcon_core.package_identification:_identify(src/dqn_robot_nav) by extension 'colcon_pkg'
[0.219s] Level 1:colcon.colcon_core.package_identification:_identify(src/dqn_robot_nav) by extensions ['colcon_meta']
[0.219s] Level 1:colcon.colcon_core.package_identification:_identify(src/dqn_robot_nav) by extension 'colcon_meta'
[0.219s] Level 1:colcon.colcon_core.package_identification:_identify(src/dqn_robot_nav) by extensions ['ros']
[0.219s] Level 1:colcon.colcon_core.package_identification:_identify(src/dqn_robot_nav) by extension 'ros'
[0.222s] DEBUG:colcon.colcon_core.package_identification:Package 'src/dqn_robot_nav' with type 'ros.ament_python' and name 'dqn_robot_nav'
[0.222s] Level 1:colcon.colcon_core.package_discovery:discover_packages(recursive) using defaults
[0.222s] Level 1:colcon.colcon_core.package_discovery:discover_packages(ignore) discover
[0.222s] Level 1:colcon.colcon_core.package_discovery:discover_packages(ignore) using defaults
[0.222s] Level 1:colcon.colcon_core.package_discovery:discover_packages(path) discover
[0.222s] Level 1:colcon.colcon_core.package_discovery:discover_packages(path) using defaults
[0.240s] Level 1:colcon.colcon_core.package_discovery:discover_packages(prefix_path) check parameters
[0.240s] Level 1:colcon.colcon_core.package_discovery:discover_packages(prefix_path) discover
[0.242s] DEBUG:colcon.colcon_installed_package_information.package_discovery:Found 1 installed packages in /home/verabel/dqn_navigation_ws/install
[0.244s] DEBUG:colcon.colcon_installed_package_information.package_discovery:Found 523 installed packages in /opt/ros/jazzy
[0.246s] Level 1:colcon.colcon_core.package_discovery:discover_packages(prefix_path) using defaults
[0.344s] Level 5:colcon.colcon_core.verb:set package 'dqn_robot_nav' build argument 'cmake_args' from command line to 'None'
[0.344s] Level 5:colcon.colcon_core.verb:set package 'dqn_robot_nav' build argument 'cmake_target' from command line to 'None'
[0.344s] Level 5:colcon.colcon_core.verb:set package 'dqn_robot_nav' build argument 'cmake_target_skip_unavailable' from command line to 'False'
[0.344s] Level 5:colcon.colcon_core.verb:set package 'dqn_robot_nav' build argument 'cmake_clean_cache' from command line to 'False'
[0.344s] Level 5:colcon.colcon_core.verb:set package 'dqn_robot_nav' build argument 'cmake_clean_first' from command line to 'False'
[0.344s] Level 5:colcon.colcon_core.verb:set package 'dqn_robot_nav' build argument 'cmake_force_configure' from command line to 'False'
[0.344s] Level 5:colcon.colcon_core.verb:set package 'dqn_robot_nav' build argument 'ament_cmake_args' from command line to 'None'
[0.344s] Level 5:colcon.colcon_core.verb:set package 'dqn_robot_nav' build argument 'catkin_cmake_args' from command line to 'None'
[0.344s] Level 5:colcon.colcon_core.verb:set package 'dqn_robot_nav' build argument 'catkin_skip_building_tests' from command line to 'False'
[0.344s] DEBUG:colcon.colcon_core.verb:Building package 'dqn_robot_nav' with the following arguments: {'ament_cmake_args': None, 'build_base': '/home/verabel/dqn_navigation_ws/build/dqn_robot_nav', 'catkin_cmake_args': None, 'catkin_skip_building_tests': False, 'cmake_args': None, 'cmake_clean_cache': False, 'cmake_clean_first': False, 'cmake_force_configure': False, 'cmake_target': None, 'cmake_target_skip_unavailable': False, 'install_base': '/home/verabel/dqn_navigation_ws/install/dqn_robot_nav', 'merge_install': False, 'path': '/home/verabel/dqn_navigation_ws/src/dqn_robot_nav', 'symlink_install': False, 'test_result_base': None}
[0.344s] INFO:colcon.colcon_core.executor:Executing jobs using 'parallel' executor
[0.345s] DEBUG:colcon.colcon_parallel_executor.executor.parallel:run_until_complete
[0.346s] INFO:colcon.colcon_ros.task.ament_python.build:Building ROS package in '/home/verabel/dqn_navigation_ws/src/dqn_robot_nav' with build type 'ament_python'
[0.346s] Level 1:colcon.colcon_core.shell:create_environment_hook('dqn_robot_nav', 'ament_prefix_path')
[0.348s] INFO:colcon.colcon_core.plugin_system:Skipping extension 'colcon_core.shell.bat': Not used on non-Windows systems
[0.348s] INFO:colcon.colcon_core.shell:Creating environment hook '/home/verabel/dqn_navigation_ws/install/dqn_robot_nav/share/dqn_robot_nav/hook/ament_prefix_path.ps1'
[0.349s] INFO:colcon.colcon_core.shell:Creating environment descriptor '/home/verabel/dqn_navigation_ws/install/dqn_robot_nav/share/dqn_robot_nav/hook/ament_prefix_path.dsv'
[0.350s] INFO:colcon.colcon_core.shell:Creating environment hook '/home/verabel/dqn_navigation_ws/install/dqn_robot_nav/share/dqn_robot_nav/hook/ament_prefix_path.sh'
[0.350s] INFO:colcon.colcon_core.shell:Skip shell extension 'powershell' for command environment: Not usable outside of PowerShell
[0.351s] DEBUG:colcon.colcon_core.shell:Skip shell extension 'dsv' for command environment
[0.631s] INFO:colcon.colcon_core.task.python.build:Building Python package in '/home/verabel/dqn_navigation_ws/src/dqn_robot_nav'
[0.632s] INFO:colcon.colcon_core.shell:Skip shell extension 'powershell' for command environment: Not usable outside of PowerShell
[0.632s] DEBUG:colcon.colcon_core.shell:Skip shell extension 'dsv' for command environment
[1.377s] DEBUG:colcon.colcon_core.event_handler.log_command:Invoking command in '/home/verabel/dqn_navigation_ws/src/dqn_robot_nav': DEBUGINFOD_URLS=https://debuginfod.ubuntu.com PYTHONPATH=/home/verabel/dqn_navigation_ws/build/dqn_robot_nav/prefix_override:/usr/lib/python3/dist-packages/colcon_core/task/python/colcon_distutils_commands:/home/verabel/dqn_navigation_ws/install/dqn_robot_nav/lib/python3.12/site-packages:${PYTHONPATH} /usr/bin/python3 -W ignore:setup.py install is deprecated -W ignore:easy_install command is deprecated setup.py egg_info --egg-base ../../build/dqn_robot_nav build --build-base /home/verabel/dqn_navigation_ws/build/dqn_robot_nav/build install --record /home/verabel/dqn_navigation_ws/build/dqn_robot_nav/install.log --single-version-externally-managed install_data
[2.086s] DEBUG:colcon.colcon_core.event_handler.log_command:Invoked command in '/home/verabel/dqn_navigation_ws/src/dqn_robot_nav' returned '0': DEBUGINFOD_URLS=https://debuginfod.ubuntu.com PYTHONPATH=/home/verabel/dqn_navigation_ws/build/dqn_robot_nav/prefix_override:/usr/lib/python3/dist-packages/colcon_core/task/python/colcon_distutils_commands:/home/verabel/dqn_navigation_ws/install/dqn_robot_nav/lib/python3.12/site-packages:${PYTHONPATH} /usr/bin/python3 -W ignore:setup.py install is deprecated -W ignore:easy_install command is deprecated setup.py egg_info --egg-base ../../build/dqn_robot_nav build --build-base /home/verabel/dqn_navigation_ws/build/dqn_robot_nav/build install --record /home/verabel/dqn_navigation_ws/build/dqn_robot_nav/install.log --single-version-externally-managed install_data
[2.089s] Level 1:colcon.colcon_core.environment:checking '/home/verabel/dqn_navigation_ws/install/dqn_robot_nav' for CMake module files
[2.089s] Level 1:colcon.colcon_core.environment:checking '/home/verabel/dqn_navigation_ws/install/dqn_robot_nav' for CMake config files
[2.090s] Level 1:colcon.colcon_core.environment:checking '/home/verabel/dqn_navigation_ws/install/dqn_robot_nav/lib'
[2.090s] Level 1:colcon.colcon_core.environment:checking '/home/verabel/dqn_navigation_ws/install/dqn_robot_nav/bin'
[2.090s] Level 1:colcon.colcon_core.environment:checking '/home/verabel/dqn_navigation_ws/install/dqn_robot_nav/lib/pkgconfig/dqn_robot_nav.pc'
[2.091s] Level 1:colcon.colcon_core.environment:checking '/home/verabel/dqn_navigation_ws/install/dqn_robot_nav/lib/python3.12/site-packages'
[2.091s] Level 1:colcon.colcon_core.shell:create_environment_hook('dqn_robot_nav', 'pythonpath')
[2.091s] INFO:colcon.colcon_core.shell:Creating environment hook '/home/verabel/dqn_navigation_ws/install/dqn_robot_nav/share/dqn_robot_nav/hook/pythonpath.ps1'
[2.092s] INFO:colcon.colcon_core.shell:Creating environment descriptor '/home/verabel/dqn_navigation_ws/install/dqn_robot_nav/share/dqn_robot_nav/hook/pythonpath.dsv'
[2.092s] INFO:colcon.colcon_core.shell:Creating environment hook '/home/verabel/dqn_navigation_ws/install/dqn_robot_nav/share/dqn_robot_nav/hook/pythonpath.sh'
[2.093s] Level 1:colcon.colcon_core.environment:checking '/home/verabel/dqn_navigation_ws/install/dqn_robot_nav/bin'
[2.093s] Level 1:colcon.colcon_core.environment:create_environment_scripts_only(dqn_robot_nav)
[2.093s] INFO:colcon.colcon_core.shell:Creating package script '/home/verabel/dqn_navigation_ws/install/dqn_robot_nav/share/dqn_robot_nav/package.ps1'
[2.094s] INFO:colcon.colcon_core.shell:Creating package descriptor '/home/verabel/dqn_navigation_ws/install/dqn_robot_nav/share/dqn_robot_nav/package.dsv'
[2.095s] INFO:colcon.colcon_core.shell:Creating package script '/home/verabel/dqn_navigation_ws/install/dqn_robot_nav/share/dqn_robot_nav/package.sh'
[2.096s] INFO:colcon.colcon_core.shell:Creating package script '/home/verabel/dqn_navigation_ws/install/dqn_robot_nav/share/dqn_robot_nav/package.bash'
[2.097s] INFO:colcon.colcon_core.shell:Creating package script '/home/verabel/dqn_navigation_ws/install/dqn_robot_nav/share/dqn_robot_nav/package.zsh'
[2.097s] Level 1:colcon.colcon_core.environment:create_file_with_runtime_dependencies(/home/verabel/dqn_navigation_ws/install/dqn_robot_nav/share/colcon-core/packages/dqn_robot_nav)
[2.098s] DEBUG:colcon.colcon_parallel_executor.executor.parallel:closing loop
[2.098s] DEBUG:colcon.colcon_parallel_executor.executor.parallel:loop closed
[2.099s] DEBUG:colcon.colcon_parallel_executor.executor.parallel:run_until_complete finished with '0'
[2.099s] DEBUG:colcon.colcon_core.event_reactor:joining thread
[2.104s] INFO:colcon.colcon_core.plugin_system:Skipping extension 'colcon_notification.desktop_notification.terminal_notifier': Not used on non-Darwin systems
[2.104s] INFO:colcon.colcon_core.plugin_system:Skipping extension 'colcon_notification.desktop_notification.win32': Not used on non-Windows systems
[2.104s] INFO:colcon.colcon_notification.desktop_notification:Sending desktop notification using 'notify2'
[2.120s] DEBUG:colcon.colcon_core.event_reactor:joined thread
[2.120s] INFO:colcon.colcon_core.shell:Creating prefix script '/home/verabel/dqn_navigation_ws/install/local_setup.ps1'
[2.121s] INFO:colcon.colcon_core.shell:Creating prefix util module '/home/verabel/dqn_navigation_ws/install/_local_setup_util_ps1.py'
[2.122s] INFO:colcon.colcon_core.shell:Creating prefix chain script '/home/verabel/dqn_navigation_ws/install/setup.ps1'
[2.123s] INFO:colcon.colcon_core.shell:Creating prefix script '/home/verabel/dqn_navigation_ws/install/local_setup.sh'
[2.124s] INFO:colcon.colcon_core.shell:Creating prefix util module '/home/verabel/dqn_navigation_ws/install/_local_setup_util_sh.py'
[2.124s] INFO:colcon.colcon_core.shell:Creating prefix chain script '/home/verabel/dqn_navigation_ws/install/setup.sh'
[2.125s] INFO:colcon.colcon_core.shell:Creating prefix script '/home/verabel/dqn_navigation_ws/install/local_setup.bash'
[2.126s] INFO:colcon.colcon_core.shell:Creating prefix chain script '/home/verabel/dqn_navigation_ws/install/setup.bash'
[2.127s] INFO:colcon.colcon_core.shell:Creating prefix script '/home/verabel/dqn_navigation_ws/install/local_setup.zsh'
[2.127s] INFO:colcon.colcon_core.shell:Creating prefix chain script '/home/verabel/dqn_navigation_ws/install/setup.zsh'
