[0.961s] Invoking command in '/home/verabel/dqn_navigation_ws/src/dqn_robot_nav': DEBUGINFOD_URLS=https://debuginfod.ubuntu.com PYTHONPATH=/home/verabel/dqn_navigation_ws/build/dqn_robot_nav/prefix_override:/usr/lib/python3/dist-packages/colcon_core/task/python/colcon_distutils_commands:/home/verabel/dqn_navigation_ws/install/dqn_robot_nav/lib/python3.12/site-packages:${PYTHONPATH} /usr/bin/python3 -W ignore:setup.py install is deprecated -W ignore:easy_install command is deprecated setup.py egg_info --egg-base ../../build/dqn_robot_nav build --build-base /home/verabel/dqn_navigation_ws/build/dqn_robot_nav/build install --record /home/verabel/dqn_navigation_ws/build/dqn_robot_nav/install.log --single-version-externally-managed install_data
[1.307s] running egg_info
[1.335s] writing ../../build/dqn_robot_nav/dqn_robot_nav.egg-info/PKG-INFO
[1.335s] writing dependency_links to ../../build/dqn_robot_nav/dqn_robot_nav.egg-info/dependency_links.txt
[1.335s] writing entry points to ../../build/dqn_robot_nav/dqn_robot_nav.egg-info/entry_points.txt
[1.335s] writing requirements to ../../build/dqn_robot_nav/dqn_robot_nav.egg-info/requires.txt
[1.335s] writing top-level names to ../../build/dqn_robot_nav/dqn_robot_nav.egg-info/top_level.txt
[1.389s] reading manifest file '../../build/dqn_robot_nav/dqn_robot_nav.egg-info/SOURCES.txt'
[1.389s] writing manifest file '../../build/dqn_robot_nav/dqn_robot_nav.egg-info/SOURCES.txt'
[1.390s] running build
[1.390s] running build_py
[1.390s] copying dqn_robot_nav/train_node.py -> /home/verabel/dqn_navigation_ws/build/dqn_robot_nav/build/lib/dqn_robot_nav
[1.390s] copying dqn_robot_nav/environment.py -> /home/verabel/dqn_navigation_ws/build/dqn_robot_nav/build/lib/dqn_robot_nav
[1.390s] running install
[1.396s] running install_lib
[1.424s] copying /home/verabel/dqn_navigation_ws/build/dqn_robot_nav/build/lib/dqn_robot_nav/train_node.py -> /home/verabel/dqn_navigation_ws/install/dqn_robot_nav/lib/python3.12/site-packages/dqn_robot_nav
[1.425s] copying /home/verabel/dqn_navigation_ws/build/dqn_robot_nav/build/lib/dqn_robot_nav/environment.py -> /home/verabel/dqn_navigation_ws/install/dqn_robot_nav/lib/python3.12/site-packages/dqn_robot_nav
[1.425s] byte-compiling /home/verabel/dqn_navigation_ws/install/dqn_robot_nav/lib/python3.12/site-packages/dqn_robot_nav/train_node.py to train_node.cpython-312.pyc
[1.428s] byte-compiling /home/verabel/dqn_navigation_ws/install/dqn_robot_nav/lib/python3.12/site-packages/dqn_robot_nav/environment.py to environment.cpython-312.pyc
[1.432s] running install_data
[1.432s] running install_egg_info
[1.460s] removing '/home/verabel/dqn_navigation_ws/install/dqn_robot_nav/lib/python3.12/site-packages/dqn_robot_nav-0.0.0-py3.12.egg-info' (and everything under it)
[1.460s] Copying ../../build/dqn_robot_nav/dqn_robot_nav.egg-info to /home/verabel/dqn_navigation_ws/install/dqn_robot_nav/lib/python3.12/site-packages/dqn_robot_nav-0.0.0-py3.12.egg-info
[1.461s] running install_scripts
[1.628s] Installing test_node script to /home/verabel/dqn_navigation_ws/install/dqn_robot_nav/lib/dqn_robot_nav
[1.628s] Installing train_node script to /home/verabel/dqn_navigation_ws/install/dqn_robot_nav/lib/dqn_robot_nav
[1.628s] writing list of installed files to '/home/verabel/dqn_navigation_ws/build/dqn_robot_nav/install.log'
[1.651s] Invoked command in '/home/verabel/dqn_navigation_ws/src/dqn_robot_nav' returned '0': DEBUGINFOD_URLS=https://debuginfod.ubuntu.com PYTHONPATH=/home/verabel/dqn_navigation_ws/build/dqn_robot_nav/prefix_override:/usr/lib/python3/dist-packages/colcon_core/task/python/colcon_distutils_commands:/home/verabel/dqn_navigation_ws/install/dqn_robot_nav/lib/python3.12/site-packages:${PYTHONPATH} /usr/bin/python3 -W ignore:setup.py install is deprecated -W ignore:easy_install command is deprecated setup.py egg_info --egg-base ../../build/dqn_robot_nav build --build-base /home/verabel/dqn_navigation_ws/build/dqn_robot_nav/build install --record /home/verabel/dqn_navigation_ws/build/dqn_robot_nav/install.log --single-version-externally-managed install_data
